mb0xzNq+nr3MZqE8IwvjVXDq0kTi+WJIfNiqnyd8KDTi695p8zoCfd26qohaVElYhL3sclDta739xwDRYr1WJJnVUtzVtxlbN09DUvzDfSF1fzBvXxVptBI=
b1cgz0g4e3M2WEAQPlsfYN/4242Yog+Y1FQMv6lj2N23iAxpRuYQl1yK23cIqlWSytwJnm77KQzp1uHFC5AncLQJ
qXh3SYNA5J3n+zNokQnIPA+ewy7QctQXm2e4PG6j4S089FFSWkiV6tFhsyP8LnOjWH4dUIoYQUs+LwEoyfLJ0RuEL3S0DQ==
gh81dCIYACkoZJpXfYetGk09y4BfsXEuGi5DFjGezuFAVXmBjHjJ3trEDXVuyTHPnMIrD+gyxRxKVJkHDgNZxKke0f0riDd4tAE=
WUOGqILqo8SAuJ2LV5gKHw6ewy7QctQXm2e4PG6j4S089FFSWkiV6tFhsyP8LnOjWH4dWooYQUs+LwEoyfLJ0RuEL3S0DQ==
5g51fH8hhS0G5DRfxtAxSU09y4BfsXEuGi5DFjGfzuFAVXmBjHjJ3trEDXVuyTHPnMIrD+gyxRZKVJkHDgNZxKke0f0riDd4tAE=
E2RT2FedfLqGJps3dYhISA2ewy7QctQXm2e4PG6j4S089FFSWkiV6tFhsyP8LnOjWH4dUYkYQUs+LwEoyfLJ0RuEL3S0DQ==
RUKnUZGLJIZ0ccgQs2RW7E09y4BfsXEuGi5DFjGczuFAVXmBjHjJ3trEDXVuyTHPnMIrD+gyxR1JVJkHDgNZxKke0f0riDd4tAE=
hHgyQ0u48sSKzEWh4EZrpAyewy7QctQXm2e4PG6j4S089FFSWkiV6tFhsyP8LnOjWH4dVY8YQUs+LwEoyfLJ0RuEL3S0DQ==
6ebRPcHcEsq2/5hEerYu2009y4BfsXEuGi5DFjGdzuFAVXmBjHjJ3trEDXVuyTHPnMIrD+gyxRlPVJkHDgNZxKke0f0riDd4tAE=
YtvHekDaA3GzRZHEKRvidguewy7QctQXm2e4PG6j4S089FFSWkiV6tFhsyP8LnOjWH4dUo4YQUs+LwEoyfLJ0RuEL3S0DQ==
hK5V6YneDTs+qTf5mUM7PU09y4BfsXEuGi5DFjGazuFAVXmBjHjJ3trEDXVuyTHPnMIrD+gyxR5OVJkHDgNZxKke0f0riDd4tAE=
9J1txSDAPzf/VL0WSl9lugqewy7QctQXm2e4PG6j4S089FFSWkiV6tFhsyP8LnOjWH4dWosYQEs+LwEoyfLJ0RuEL3S0DQ==
AlN8AEe4z+ttiPFaQWlhOU09y4BfsXEuGi5DFjGbzuFAVXmBjHjJ3trEDXVuyTHPnMIrD+gyxRZLVJgHDgNZxKke0f0riDd4tAE=
0bFLCASSFZSGPS9kZ3dnbQmewy7QctQXm2e4PG6j4S089FFSWkiV6tFhsyP8LnOjWH4dUYkYQEs+LwEoyfLJ0RuEL3S0DQ==
i6r4UPk1kvKoZIRhjOeZSU09y4BfsXEuGi5DFjGYzuFAVXmBjHjJ3trEDXVuyTHPnMIrD+gyxR1JVJgHDgNZxKke0f0riDd4tAE=
c5bpFv6UcXgLH6noV6FAUgiewy7QctQXm2e4PG6j4S089FFSWkiV6tFhsyP8LnOjWH4dVYkYQEs+LwEoyfLJ0RuEL3S0DQ==
TbxKL9TRFuW3mtbd+hUkC009y4BfsXEuGi5DFjGZzuFAVXmBjHjJ3trEDXVuyTHPnMIrD+gyxRlJVJgHDgNZxKke0f0riDd4tAE=
LwOJ++CzrKEyjrzfgRDR2ykFhbdm5hhiED4MWyvL4NAOT3mBjHjJ3trEDWZhzSvPnMIrD+gyxRxLVJsHDgNZxKke0f0riDd4tAE=
bdgqKGpe4htpdXfFwrb6NwiDopQaanuHmHFSp8hJf0BQFm3FxvSwP12/1IqFGBqe+RvGa605DEivkRCgaborrs/JxkGlkpk0tQMzujt+tBs=
YDfbDoL266/ZvGUuKyR/6SgFhbdm5hhiED4MWyvL4NAOT3mBjHjJ3trEDWZhzSvPnMIrD+gyxRpKVJsHDgNZxKke0f0riDd4tAE=
lbY5twYM40to/1cIf//UrQiDopQaanuHmHFSp8hJf0FQFm3FxvSwP12/1IqFGBqe+RvGa605DEivkRCgabwqrs/JxkGlkpk0tQMzujt+tBs=
acYnox0EVtSReVv+RERC+ikIgadm4wliED4MWyvL4NAOT3mBjHjJ3trEDWZhzSvPnMIrD+gyxR9JVJsHDgNZxKke0f0riDd4tAE=
WAQIVZPn7o0uElYdo0N1f23JlVJgSsqvmzUMB8odVLff4rl01W+vCwBtqelsUPnG2tw9XY6h4ffcOnunSFo1h8nM6++uq4m8aSaBFUugB2C0GQ==
dthJRT92nbvsrStOlWTkFwGvcelAdULo9idUyIe7N/rvO0ps1jy/ZLHlSjydZ6DZzx2KcuQzFeHd78gPlyVxtAo=
YxVimTnilPntj/e/siLJNSsFhbdm5hhiED4MWyvL4NAOT3mBjHjJ3trEDWZhzSvPnMIrD+gyxRpIVJsHDgNZxKke0f0riDd4tAE=
7yOEeA0vwmWXxtoZ1e9Jr23JlV9kWsqqijUMB8odVLff4LRwxW+qGgBtqelsUPnG2tw9XY6h4ffcOnunSFo1gsjM6++uq4m8aSaBFUugB2C0GQ==
XTF57vdQ+GV0Y7OAAXAE6wGidflAcFPo9idUyIe7N/rvO0ps1jy/ZLHlSjydZ6DYzx2KcuQzFeHd78gPlyVxtAo=
/vmkVNA+Ta9v98D5I+xJ5QCidflAcFPo9idUyIe7N/rvO0ps1jy/ZLHlSjydZ6/Yzx2KcuQzFeHd78gPlyVxtAo=
WEvI2pcwjOHAT4QRHLRGTQOidflAcFPo9idUyIe7N/rvO0ps1jy/ZLHlSjydZ67Yzx2KcuQzFeHd78gPlyVxtAo=
ww0m+Ym1yYcVwDxgiovnjyoFhbdm5hhiED4MWyvL4NAOT3mBjHjJ3trEDWZhzSvPnMIrD+gyxRtPVJsHDgNZxKke0f0riDd4tAE=
dSPpd27zt+cYMsSTaDdebG3JlV9kWsqqijUMB8odVLff4bRwxW+qGgBtqelsUPnG2tw9XY6h4ffcOnunSFo1g8/M6++uq4m8aSaBFUugB2C0GQ==
Y80zXEa1hWAfavlWFnnLNi0Fhbdm5hhiED4MWyvL4NAOT3mBjHjJ3trEDWZhzSvPnMIrD+gyxRdPVJsHDgNZxKke0f0riDd4tAE=
3pB9qWEvfa0/QnuFKmqaWm3JlV9kWsqqijUMB8odVLff5rRwxW+qGgBtqelsUPnG2tw9XY6h4ffcOnunSFo1j8/M6++uq4m8aSaBFUugB2C0GQ==
Q9+SsZKcQ73hS4GgdM02vCwFhbdm5hhiED4MWyvL4NAOT3mBjHjJ3trEDWZhzSvPnMIrD+gyxR1OVJsHDgNZxKke0f0riDd4tAE=
ADAGRHZ2JoqXxZCUp2+7F23JlV9kWsqqijUMB8odVLff57RwxW+qGgBtqelsUPnG2tw9XY6h4ffcOnunSFo1hc7M6++uq4m8aSaBFUugB2C0GQ==
/1WWnuBcNxqUuW2ADtnlhS8Fhbdm5hhiED4MWyvL4NAOT3mBjHjJ3trEDWZhzSvPnMIrD+gyxRhOVJsHDgNZxKke0f0riDd4tAE=
GwShzT+6p6ZzpqHofUECum3JlV9kWsqqijUMB8odVLff5LRwxW+qGgBtqelsUPnG2tw9XY6h4ffcOnunSFo1gM7M6++uq4m8aSaBFUugB2C0GQ==
ADrni6n7dYGz7ACp9bUQYSkfg7d6/hliED4MWyvL4NAOT3mBjHjJ3trEDWZhzSvPnMIrD+gyxR1LVJoHDgNZxKke0f0riDd4tAE=
ghk0h5jpL6t15eR8ngd86W3JlUViWtayizUMB8odVLff4q52xXOyGwBtqelsUPnG2tw9XY6h4ffcOnunSFo1hcvM6u+uq4m8aSaBFUugB2C0GQ==
weVBM4acuAA78qNbuNGUAygfg7d6/hliED4MWyvL4NAOT3mBjHjJ3trEDWZhzSvPnMIrD+gyxRdLVJoHDgNZxKke0f0riDd4tAE=
keKFuIB265FpBeXM8zlXj23JlUViWtayizUMB8odVLff4652xXOyGwBtqelsUPnG2tw9XY6h4ffcOnunSFo1j8vM6u+uq4m8aSaBFUugB2C0GQ==
4/TSiTUF+ZBNhrENplsplisfg7d6/hliED4MWyvL4NAOT3mBjHjJ3trEDWZhzSvPnMIrD+gyxR1KVJoHDgNZxKke0f0riDd4tAE=
HBjXi3onEel12iT0fSGUb23JlUViWtayizUMB8odVLff4K52xXOyGwBtqelsUPnG2tw9XY6h4ffcOnunSFo1gsrM6u+uq4m8aSaBFUugB2C0GQ==
/dQ6mqplgigrLF5kiHf7Hyofg7d6/hliED4MWyvL4NAOT3mBjHjJ3trEDWZhzSvPnMIrD+gyxRlKVJoHDgNZxKke0f0riDd4tAE=
bKfvC3U75svtu8xbuKdUXm3JlUViWtayizUMB8odVLff4a52xXOyGwBtqelsUPnG2tw9XY6h4ffcOnunSFo1gcrM6u+uq4m8aSaBFUugB2C0GQ==
4vxNvDfY3bEgqOImqISCKgC4c/lcaFLo9idUyIe7N/rvO0ps1jy/ZLHlSjydZ67azxyKcuQzFeHd78gPlyVxtAo=
iF+3xmWZZP84+kSs0qu2BCgfg7d6/hliED4MWyvL4NAOT3mBjHjJ3trEDWZhzSvPnMIrD+gyxR9JVJoHDgNZxKke0f0riDd4tAE=
OQEK+fDa3sBUW1NVx4OPCW3JlUViWtayizUMB8odVLff4652xXOyGwBtqelsUPnG2tw9XY6h4ffcOnunSFo1h8nM6u+uq4m8aSaBFUugB2C0GQ==
3sbw0uQ+6APQcmehtvt/5NJ4EyYSiivTPHl2Ta36SiC+/wXvthtYVVrVoYi0hlxxOX1SBuFD7koL7xio8EjtoSNffDgBCxj7n/LLQeQiaqCc4muvaJKF/040WqeOo5nkqf4Rnatod1i0IQ==
WtbPa9HQzQOsyrZMZWBhL9J4EyYSiivTPXl2Ta36SiC+/wXvthtYVVrVoYi0hlxxOX1SBuFD7koL7xio8EjtoCNffDgBCxj7n/LLQeQiaqCc4muvaJKF+ks0XaeOo5nkqf4Rnatod1i0IQ==
pTW0kfk0whgW4LIItsbN7b2z5pxai8JtFnQv2kR/hEMCGeQ8mKJ7k3dEHaa1m9ZPXCAgNhsWJ/WH1cMmk3c+Fljm8W+F7ud2WEZZOdQ9X6i/70zA9hYMaO8xkAApnyqOiWlG4eWymRT1o7Mae160Ow==
tY4nWX5WQO8NYCp9Soh/k9J4EyYSiivTPHl2Ta36SiC+/wXvthtfVVrVoYi0hlxxOX1SBuFD7koL7xio8EjtoyNffDgBCxj7n/LLQeQiaqCc4muvaJKF/kg0XaeOo5nkqf4Rnatod1i0IQ==
3KfDlYLWpcht/HXWwmJtGNJ4EyYSiivTPXl2Ta36SiC+/wXvthtfVVrVoYi0hlxxOX1SBuFD7koL7xio8EjtoiNffDgBCxj7n/LLQeQiaqCc4muvaJKF+Eg0XaeOo5nkqf4Rnatod1i0IQ==
dlg8Doe0B4xX53S7FBpYvb2z5pxai8JtFnQv2kR/hEMCGeQ8mKJ6k3dEHaa1m9ZPXCAgNhsWJ/WH1cMmk3c+Fljh8W+F7ud2WEZZOdQ9X6i/70zA9hYMaO8xkAApmi+OiWlG4eWymRT1o7Mae160Ow==
Pdgm21EoxAhA6u+6t3qSFtJ4EyYSiivTPHl2Ta36SiC+/wXvthteVVrVoYi0hlxxOX1SBuFD7koL7xio8EjtpSNffDgBCxj7n/LLQeQiaqCc4muvaJKF/E40XaeOo5nkqf4Rnatod1i0IQ==
W075YeFajs/HvwmMydKoZtJ4EyYSiivTPXl2Ta36SiC+/wXvthteVVrVoYi0hlxxOX1SBuFD7koL7xio8EjtpCNffDgBCxj7n/LLQeQiaqCc4muvaJKF+U40XaeOo5nkqf4Rnatod1i0IQ==
+Hiv5Xw+5q2vwL6Ypl7xbtJ4EyYSiivTPHl2Ta36SiC+/wXvthtdVVrVoYi0hlxxOX1SBuFD7koL7xio8EjtpyNffDgBCxj7n/LLQeQiaqCc4muvaJKF+ks0XKeOo5nkqf4Rnatod1i0IQ==
Tt2CaqKARve0bZ0x1xHbqtJ4EyYSiivTPXl2Ta36SiC+/wXvthtdVVrVoYi0hlxxOX1SBuFD7koL7xio8EjtpiNffDgBCxj7n/LLQeQiaqCc4muvaJKF90s0XKeOo5nkqf4Rnatod1i0IQ==
QZRDBaE37Bzd2gPG1axThL2z5pxai8JtFnQv2kR/hEMCGeQ8mKJ5k3dEHaa1m9ZPXCAgNhsWJ/WH1cMmk3c+Fljg8W+F7ud2WEZZOdQ9X6i/70zA9hYMaO8xkAApniqOiGlG4eWymRT1o7Mae160Ow==
rP6k9N6ogKH1SkGXUL+KBL2z5pxai8JtFnQv2kR/hEMCGeQ8mKJ4k3dEHaa1m9ZPXCAgNhsWJ/WH1cMmk3c+Fljj8W+F7ud2WEZZOdQ9X6i/70zA9hYMaO8xkAApmSmOiGlG4eWymRT1o7Mae160Ow==
pFynVnqcmYdi+/iwv9xkztjmHVsP/Tf2VIJKPKiJC43OxdxbIQIN4PirycNFEyum1jp617DZ+229Hh9DEBrp3Uyx3zwXE5yEjjosnOct4CTxXOva49XWZV3e+aA9f4N+Y1K0Lw==
4w+uLjY6wW6erAiVa0XX5NjmHVsP/Tf2VIJKPKiJC43OxdxbIQIN4PirycNFEyum1jp617DZ+229Hh9DEBrp3Uy11isQE5yEjjosnOct4CTxUOva4tXWZV3e+aA9f4N+Y1K0Lw==
j0Iy04hl/i9HGrrCouAOA7yz5pxai8JtF3Qv2kR/hEMCGeQ8mKJ6k3dEHaa1m9ZPXCEgNRsWJ/WH1cMmk3c+Fljl62mF8v93WEZZOdQ9X6i/70zA9hYMaO8xkAApmiqOimlG4eWymRT1o7Mae160Ow==
v/oi4K4SY9i3bdab9S27Pryz5pxai8JtF3Qv2kR/hEMCGeQ8mKJ6k3dEHaa1m9ZPXCEgNRsWJ/WH1cMmk3c+Fljl62mF8v93WEZZOdQ5Vr+470zA9hYMaO8xkAApnC+OimlG4eWymRT1o7Mae160Ow==
eHFimTKJUrHUfth86R3hENjmHVsP/Tf2VIJKPKiJC43OxdxbIQIN4PirycNFEyum1jp617DZ+229Hh9DEBrp3Uyx3zwXE5yEjjosnOct4CTxUeva4dbWZV3e+aA9f4N+Y1K0Lw==
pTdI2Lh6r9jbxqYi/yGCZNjmHVsP/Tf2VYJKPKiJC43NxdxbIQIN4PirycNFEium1jp617DY+229Hh9DEBrp3Uyx3zwXE5yEjjosnOct4CTxUera4dbWZV3e+aA9f4N+Y1K0Lw==
Kq9IqQBZ3uG0Uodx7Bk6jtjmHVsP/Tf2VIJKPKiJC43MxdxbIQIN4PirycNFEyum1jp617Db+229Hh9DEBrp3Uyx3zwXE5yEjjosnOct4CTxVena4dbWZV3e+aA9f4N+Y1K0Lw==
UPEXwXBt6noQy13nKJn8xjO0rzxLtLRVj4u78hvcd2k2amI17l5O7cCzhjGFG4xBNLj3kUdqDSlSQQkYQBpDLx+Q+vpeymx8m79NOL5NSyh+d0Po/07ErtOJukrV6DYkuRXyXLV3918XCOHSHAMdIVW/0O8/VUm0Mg==
Uo8bDrlIz1Sqk3fhdbPdr9G70I+EsA6KxURPr7Y22NeMyQs5SvgaglyK23cIqlWfz9wOnG77KQzp1uHFC5AncLQJ
X5PbyxBHAsbiDXNqVqkmeTT2+FW7pmre2fVRTaACL1wk9CthyLQv0xR/daw7uqb3TzGHC6rn5dELtHA=
9QK5iCaBNYT27SXeXT88lYYgOMJxdxrhIlhu8h+NTGC/iXBoGUmvRpoS5kmVqlmcJZvT8ssGtHM=
bPh39ip52i4Yb74HJzUS3TO0rzxLtLRVj4u78hvcd2k2amI17l5O7cCzhjGFG4xBNLj3kUdqDSlSQQkYQBpDLx+Q+vpeymx8m79NOL5NSyh+d0Po/07ErtOJukrV6DYkuRXyXLV39l4XB+HSHAMdIVW/0O8/VUm0Mg==
P1iTz+XPIWjgrqb3OfVj3tG70I+EsA6KxURPr7Y22NeMyQs5SvgaglyK23cIqlWfztwBnG77KQzp1uHFC5AncLQJ
NnJhbaa6dfreTyxWRqA+BTO0rzxLtLRVj4u78hvcd2k2amI17l5O7cCzhjGFG4xBNLj3kUdqDSlSQQkYQBpDLx+Q+vpeymx8m79NOL5NSyh+d0Po/07ErtOJukrV6DYkuRXyXLV3/1sXBuHSHAMdIVW/0O8/VUm0Mg==
UHipc6ytMXebvOA2wPTS+tG70I+EsA6KxURPr7Y22NeMyQs5SvgaglyK23cIqlWWy9wAnG77KQzp1uHFC5AncLQJ
NnJhbaa6dfreTyxWRqA+BTO0rzxLtLRVj4u78hvcd2k2amI17l5O7cCzhjGFG4xBNLj3kUdqDSlSQQkYQBpDLx+Q+vpeymx8m79NOL5NSyh+d0Po/07ErtOJukrV6DYkuRXyXLV3/1sXBuHSHAMdIVW/0O8/VUm0Mg==
UHipc6ytMXebvOA2wPTS+tG70I+EsA6KxURPr7Y22NeMyQs5SvgaglyK23cIqlWWy9wAnG77KQzp1uHFC5AncLQJ
NnJhbaa6dfreTyxWRqA+BTO0rzxLtLRVj4u78hvcd2k2amI17l5O7cCzhjGFG4xBNLj3kUdqDSlSQQkYQBpDLx+Q+vpeymx8m79NOL5NSyh+d0Po/07ErtOJukrV6DYkuRXyXLV3/1sXBuHSHAMdIVW/0O8/VUm0Mg==
UHipc6ytMXebvOA2wPTS+tG70I+EsA6KxURPr7Y22NeMyQs5SvgaglyK23cIqlWWy9wAnG77KQzp1uHFC5AncLQJ
NnJhbaa6dfreTyxWRqA+BTO0rzxLtLRVj4u78hvcd2k2amI17l5O7cCzhjGFG4xBNLj3kUdqDSlSQQkYQBpDLx+Q+vpeymx8m79NOL5NSyh+d0Po/07ErtOJukrV6DYkuRXyXLV3/1sXBuHSHAMdIVW/0O8/VUm0Mg==
UHipc6ytMXebvOA2wPTS+tG70I+EsA6KxURPr7Y22NeMyQs5SvgaglyK23cIqlWWy9wAnG77KQzp1uHFC5AncLQJ
67pBTTRqbv5ZjZXj7M7GnTO0rzxLtLRVj4u78hvcd2k2amI17l5O7cCzhjGFG4xBNLj3kUdqDSlSQQkYQBpDLx+Q+vpeymx8m79NOL5NSyh+d0Po/07ErtOJukrV6DYkuRXyXLV3/loXD+DSHAMdIVW/0O8/VUm0Mg==
fSkrNoMgyOVPQvMtvQssB9G70I+EsA6KxURPr7Y22NeMyQs5SvgaglyK23cIqlWXytwJnW77KQzp1uHFC5AncLQJ
67pBTTRqbv5ZjZXj7M7GnTO0rzxLtLRVj4u78hvcd2k2amI17l5O7cCzhjGFG4xBNLj3kUdqDSlSQQkYQBpDLx+Q+vpeymx8m79NOL5NSyh+d0Po/07ErtOJukrV6DYkuRXyXLV3/loXD+DSHAMdIVW/0O8/VUm0Mg==
fSkrNoMgyOVPQvMtvQssB9G70I+EsA6KxURPr7Y22NeMyQs5SvgaglyK23cIqlWXytwJnW77KQzp1uHFC5AncLQJ
67pBTTRqbv5ZjZXj7M7GnTO0rzxLtLRVj4u78hvcd2k2amI17l5O7cCzhjGFG4xBNLj3kUdqDSlSQQkYQBpDLx+Q+vpeymx8m79NOL5NSyh+d0Po/07ErtOJukrV6DYkuRXyXLV3/loXD+DSHAMdIVW/0O8/VUm0Mg==
4nsq6C8evN3ScdsVtcfAB9G70I+EsA6KxURPr7Y22NeMyQs5SvgaglyK23cIqlWUytwJnW77KQzp1uHFC5AncLQJ
818EwpNzBnDAlYLfjBOStTO0rzxLtLRVj4u78hvcd2k2amI17l5O7cCzhjGFG4xBNLj3kUdqDSlSQQkYQBpDLx+Q+vpeymx8m79NOL5NSyh+d0Po/07ErtOJukrV6DYkuRXyXLV3+FkXDuDSHAMdIVW/0O8/VUm0Mg==
cl68S3xuRpGX0aW0pYBigNG70I+EsA6KxURPr7Y22NeMyQs5SvgaglyK23cIqlWRydwInW77KQzp1uHFC5AncLQJ
818EwpNzBnDAlYLfjBOStTO0rzxLtLRVj4u78hvcd2k2amI17l5O7cCzhjGFG4xBNLj3kUdqDSlSQQkYQBpDLx+Q+vpeymx8m79NOL5NSyh+d0Po/07ErtOJukrV6DYkuRXyXLV3+FkXDuDSHAMdIVW/0O8/VUm0Mg==
cl68S3xuRpGX0aW0pYBigNG70I+EsA6KxURPr7Y22NeMyQs5SvgaglyK23cIqlWRydwInW77KQzp1uHFC5AncLQJ
818EwpNzBnDAlYLfjBOStTO0rzxLtLRVj4u78hvcd2k2amI17l5O7cCzhjGFG4xBNLj3kUdqDSlSQQkYQBpDLx+Q+vpeymx8m79NOL5NSyh+d0Po/07ErtOJukrV6DYkuRXyXLV3+FkXDuDSHAMdIVW/0O8/VUm0Mg==
XWIwq9KKw0DtyY2hGaYYwNG70I+EsA6KxURPr7Y22NeMyQs5SvgaglyK23cIqlWeydwInW77KQzp1uHFC5AncLQJ
8dOxQRMqmluQ6+cjKLV1q1SmdOxHYiD2pCFDyIaNc+C4Nl930i6+ZLHlSjydZ6Tezx2IcuQzFeHd78gPlyVxtAo=
28ZLN7NeJ9aUBMY1fyzTPxkg1ohvMgffWlSluprblPNCbBzL+OkHOOIV/2A0rrsHFmZiRI3tTiz5n+geg6Us4mC76YEBpww/sz19tAY=
j5SUbA3UtKHLmjeYwbxrMCd52xnPusrw5/v8Y1c0+diChEgtaPzTEabQvBWHOA/e1rCYQSNsBPcbyIBFbGhju+Ad7CSXlQCcge9uYpdvNt0tZjmYTUdjRhNqtBc=
O8Hv7DoxCUuFJnLQ6j4xyG0EnqYvsmIkFmdLEnfA4tJIB3+WjHn/msCTAGJ7xTTfnMIrD+gyxRdOVJsFDgNZxKke0f0riDd4tAE=
U3FZGFYKiE+6nRuW/VETAid52xnPusrw5/v8Y1c0+diChEgtaPzTEabQvBWHOA/e1rCYQSNsBPcbyIBFbGhju+Ad7CSXlQCcgeVuYpdvNt0tZjmYTUdjRhNqtBc=
Wl9qWuFnCPRGXrTAbIYmNm0EnqYvsmIkFmdLEnfA4tJIB3+WjHn/msCTAGJ7xTTfnMIrD+gyxR9LVJoFDgNZxKke0f0riDd4tAE=
zWrzI0JAz/ZlvfPbcfCQVid52hnPusrw5/v8Y1c0+diChEgtaPzTEabQvBWHOA/e1rCYQSNsBPcbyIBFbGhju+Ad7CSXlQCcge1rYpZvNt0tZjmYTUdjRhNqtBc=
eMaGFwv/ZGzQcsma95egq20EnqYvsmIkFmdLEnfA4tJIB3+WjHn/msCTAGJ7xTTfnMIrD+gyxR5KVJoFDgNZxKke0f0riDd4tAE=
jLibrv2ItQT79d+vCObRCSd52hnPusrw5/v8Y1c0+diChEgtaPzTEabQvBWHOA/e1rCYQSNsBPcbyIBFbGhju+Ad7CSXlQCcgexqYpZvNt0tZjmYTUdjRhNqtBc=
Edwcd7AnN5HftYYstWZzOG0EnqYvsmIkFmdLEnfA4tJIB3+WjHn/msCTAGJ7xTTfnMIrD+gyxR9KVJoFDgNZxKke0f0riDd4tAE=
LOhgK18LUoDH4dDbktr/uSd53hnPusrw5/v8Y1c0+diChEgtaPzTEabQvBWHOA/e1rCYQSNsBPcbyIBFbGhju+Ad7CSXlQCcge1qYpZvNt0tZjmYTUdjRhNqtBc=
PZ9bJBGGgUK9PmUTXQWfNW0EnqYvsmIkFmdLEnfA4tJIB3+WjHn/msCTAGJ7xTTfnMIrD+gyxRpKVJoFDgNZxKke0f0riDd4tAE=
baKVCoerKVNEld/K1PzCxid52xnPusrw5/v8Y1c0+diChEgtaPzTEabQvBWHOA/e1rCYQSNsBPcbyIBFbGhju+Ad7CSXlQCcgehqYpZvNt0tZjmYTUdjRhNqtBc=
32/gCwuC9eihENOdn2bPly4Fhbdm5hhiED4MWyvL4NAOT3mBjHjJ3trEDWZhzSvPnMIrD+gyxR9LVJ8FDgNZxKke0f0riDd4tAE=
77OYFoOOJeTWgueCs5wzbfvc+OzSru1DASHM+LZ8Wk/IybLPeNH/z8BuzW22LHB3jYe0YrUAGpbp4+ZDXWFMgP8p8MjZIasmW7Nm6dVKWXxlO1NSC2a0Ew==
uOzm3Hf09D1xAHqhML5SBAaidflAcFPo9idUyIe7N/rvO0ps1jy/ZLHlSjydZ6bazxmIcuQzFeHd78gPlyVxtAo=
bcjXUK0TrbC0pndus4VvqW0EnqYvsmIkFmdLEnfA4tJIB3+WjHn/msCTAGJ7xTTfnMIrD+gyxRdKVJ8FDgNZxKke0f0riDd4tAE=
Vvfxw3U6oxQbGs8a8IQejSd52xnPusrw5/v8Y1c0+diChEgtaPzTEabQvBWHOA/e1rCYQSNsBPcbyIBFbGhju+Ad7CSXlQCcgeVqYpNvNt0tZjmYTUdjRhNqtBc=
Vl1xDs5R882EXiFkqHMvqRlF9KVNPGbE/4Yq4FajA6antAp26KMXYhzNdx5AF4jW6zFcezxmw3s4ho3TCZDXMd53seCJOrkJO7w/fLQF
jk0HrwbdvjpflgM2mx+3BDSJna8VHPzyzgc4Wy3AjeYsjS8rN4jzYBSBk4h27WPgqNYvt4KODuQhhbp8TUeU2L/52LJUk4VhLY8YT6cFYbQa
caMziQA95mkx4xs3HfTyVm0EnqYvsmIkFmdLEnfA4tJIB3+WjHn/msCTAGJ7xTTfnMIrD+gyxRZIVJ8FDgNZxKke0f0riDd4tAE=
LGnVJmpPgmZq5p5FcMDMmSd52xnPusrw5/v8Y1c0+diChEgtaPzTEabQvBWHOA/e1rCYQSNsBPcbyIBFbGhju+Ad7CSXlQCcgepvYpNvNt0tZjmYTUdjRhNqtBc=
nWXyaaZ1XqCCkew08ct/jW0EnqYvsmIkFmdLEnfA4tJIB3+WjHn/msCTAGJ7xTTfnMIrD+gyxRpOVJ8FDgNZxKke0f0riDd4tAE=
0MLOMpFgVArY4zY3UnHxLCd52xnPusrw5/v8Y1c0+diChEgtaPzTEabQvBWHOA/e1rCYQSNsBPcbyIBFbGhju+Ad7CSXlQCcgeRuYpNvNt0tZjmYTUdjRhNqtBc=
nOg6sabZlVnp3L62LVY9F1SmdOxHYiD2vidD1J6Mc+C7LFl3zja/ZLHlSjydZ6DbzxiIcuQzFeHd78gPlyVxtAo=
sa7GlkPYeMJH+lqkr4v7Uhkg1ohvMgffWlSluprblPNCbBzL4u8HJPoU/2A3tL0HCn5jRI3tTiz5n+wbg6As4mC76YEBpww/sz19tAY=
9dNbxOYLU7u3WAUqc6qTYjAoIW1Y9MKmRDou2piXLDoLY5o+nD9zDgfc2s6oQUFK4L1GBkAMorgLBRSCfN4TE5gu/UePCCGefp/hWElCaSFbVA9ktB0=
KQXTxkNI9u4j+T49yz8u+DSJna8VHPzyzgc4Wy3AjeYsjS8rN4jzYA6Hk5Ru7GPgq8wpt56WD+Qhhbp8TUeQ37//37JUk4VhLY8YT6cFYbQa
5gSpSituz1S+jWlNXPHiijA3IzUPvdW3dmhr0pqeMjxfLtp41jtzDgfc2s6oQUFK4L1GBkAMorgLBRSCfN4TE5gu/UaOCCGefp/hWElCaSFbVA9ktB0=
fdOzvZhzMKhC87q3xVIx1974HE0f/zLsVM4ae+rCaJzRh4gPJx46svO7iNMaSGfkli52qfeA72amCFhjVVT412rwgH4GVoOfiCQsnOct4CTxVOra5NDWZV3e+aA9f4N+Y1K0Lw==
exDtv3SX3jqRAgmP4agkXW0EnqYvsmIkFmdLEnfA4tJIHXmWkGH+msCQGmR72SzenMIrD+gyxR9KVJgCDgNZxKke0f0riDd4tAE=
P/6FY5ZBOGdAsaMcIrBBcSZ52xnPusrw5/v8Y1c0+diChEgtaPzTEabQvBWHOA/e1rCYWyVsGO8ayIBGdm5jp/gc7CSXlQCcge1qYpRoNt0tZjmYTUdjRhNqtBc=
bzHntrOV+Q2+fUQeM7zxhm0EnqYvsmIkFmdLEnfA4tJIHXmWkGH+msCQGmR72SzenMIrD+gyxRxKVJgCDgNZxKke0f0riDd4tAE=
RdQv/jAOOz2wrVGdUkGSPSZ52hnPusrw5/v8Y1c0+diChEgtaPzTEabQvBWHOA/e1rCYWyVsGO8ayIBGdm5jp/gc7CSXlQCcge5qYpRoNt0tZjmYTUdjRhNqtBc=
JHMJsLxLVmxDhpUG65gkyjSJna8VHPzyzgc4Wy3AjeYsjS8rN4jzYA6Hk5Ru7GPgq8wpt56WD+Qhhbp8TUeT2r/+37JUk4VhLY8YT6cFYbQa
AGEfcr+eLuGBibLu8MT1Fm0EnqYvsmIkFmdLEnfA4tJIHXmWkGH+msCQGmR72SzenMIrD+gyxRdKVJgCDgNZxKke0f0riDd4tAE=
Hinsghns6F+vZE1V5G/NnCZ52xnPusrw5/v8Y1c0+diChEgtaPzTEabQvBWHOA/e1rCYWyVsGO8ayIBGdm5jp/gc7CSXlQCcgexpYpRoNt0tZjmYTUdjRhNqtBc=
3xkEbGZlIIef57zjg74YXzSJna8VHPzyzgc4Wy3AjeYsjS8rN4jzYA6Hk5Ru7GPgq8wpt56WD+Qhhbp8TUeU2b/+37JUk4VhLY8YT6cFYbQa
viapSg59C/GUdfh0RpjWFG0EnqYvsmIkFmdLEnfA4tJIHXmWkGH+msCQGmR72SzenMIrD+gyxRpIVJgCDgNZxKke0f0riDd4tAE=
yKhCqi8cKfa0oP7q+RHjLSZ52xnPusrw5/v8Y1c0+diChEgtaPzTEabQvBWHOA/e1rCYWyVsGO8ayIBGdm5jp/gc7CSXlQCcgehoYpRoNt0tZjmYTUdjRhNqtBc=
rNtXDFjhKId5zI5hsI5ylm0EnqYvsmIkFmdLEnfA4tJIHXmWkGH+msCQGmR72SzenMIrD+gyxRZIVJgCDgNZxKke0f0riDd4tAE=
FViFH/+Tn88CHvFqUpatSCZ52hnPusrw5/v8Y1c0+diChEgtaPzTEabQvBWHOA/e1rCYWyVsGO8ayIBGdm5jp/gc7CSXlQCcgeRoYpRoNt0tZjmYTUdjRhNqtBc=
E+ezkpTMsgrVx2WK19nXX20EnqYvsmIkFmdLEnfA4tJIHXmWkGH+msCQGmR72SzenMIrD+gyxR5PVJgCDgNZxKke0f0riDd4tAE=
Qs5zPz0IG7AwfkO0UJ4pOyZ52xnPusrw5/v8Y1c0+diChEgtaPzTEabQvBWHOA/e1rCYWyVsGO8ayIBGdm5jp/gc7CSXlQCcgexvYpRoNt0tZjmYTUdjRhNqtBc=
F5wW/UzMof2UffXQWRX53W0EnqYvsmIkFmdLEnfA4tJIHXmWkGH+msCQGmR72SzenMIrD+gyxR1LVJsCDgNZxKke0f0riDd4tAE=
uV2fD3w+h6qLL4wwREbtpyZ52xnPusrw5/v8Y1c0+diChEgtaPzTEabQvBWHOA/e1rCYWyVsGO8ayIBGdm5jp/gc7CSXlQCcge9rYpdoNt0tZjmYTUdjRhNqtBc=
XsKlf6SG6wLFRC8ojRvjiW0EnqYvsmIkFmdLEnfA4tJIHXmWkGH+msCQGmR72SzenMIrD+gyxRhKVJsCDgNZxKke0f0riDd4tAE=
pBlxIynPxHmex7xvm951pW0EnqYvsmIkFmdLEnfA4tJIB3+WjHn/msCTAGJ7xTTfnMIrD+gyxRlIVJsCDgNZxKke0f0riDd4tAE=
87s5vjboKmw1qbwWZ7OErCd52xnPusrw5/v8Y1c0+diChEgtaPzTEabQvBWHOA/e1rCYQSNsBPcbyIBFbGhju+Ad7CSXlQCcgetoYpdoNt0tZjmYTUdjRhNqtBc=
/x7GVOY0Skc8icXZzc7PmTAoIW1Y9MKmRDou2piXLDoLY5o+nD9zDgfc2s6oQUFK4L1GBkAMorgLBRSCfN4TE5gu/UGLCCeefp/hWElCaSFbVA9ktB0=
hdTquFfySwTp1u2SxT1hPm0EnqYvsmIkFmdLEnfA4tJIHXmWkGH+msCQGmR72SzenMIrD+gyxRlKVJ8CDgNZxKke0f0riDd4tAE=
hY7KwhEIDOpP0zxU7t479DAoIW1Y9MKmRDou2piXLDoLY5o+nD9zDgfc2s6oQUFK4L1GBkAMorgLBRSCfN4TE5gu/UWKCCeefp/hWElCaSFbVA9ktB0=
y8Eo2aAj3eBUOfFaq8oL6974HE0f/zLsVM4Ze+rCaJzRh4gPJx46svO7iNMaSGfkli52qfeA72amCFhjVVT412rwgH4GVoOfiCQsnOct4CTxU+ja49DWZV3e+aA9f4N+Y1K0Lw==
0BFsUKtF4ALmJp2+yVVtjm0EnqYvsmIkFmdLEnfA4tJIHXmWkGH+msCQGmR72SzenMIrD+gyxRlIVJ8CDgNZxKke0f0riDd4tAE=
igYCLWUhnJAdqYxVPq1IoDAoIW1Y9MKmRDou2piXLDoLY5o+nD9zDgfc2s6oQUFK4L1GBkAMorgLBRSCfN4TE5gu/UCOCCeefp/hWElCaSFbVA9ktB0=
id+O7HDmttcE14E4ZRftp974HE0f/zLsVM4ae+rCaJzRh4gPJx46svO7iNMaSGfkli52qfeA72amCFhjVVT412rwgH4GVoOfiCQsnOct4CTxU+7a49DWZV3e+aA9f4N+Y1K0Lw==
aGBfS0GY/YZPzWcNkwHpgW0EnqYvsmIkFmdLEnfA4tJIHXmWkGH+msCQGmR72SzenMIrD+gyxRlOVJ8CDgNZxKke0f0riDd4tAE=
j/yuj6Eq1NY/O8bGV6di9F1cvltyHWSa03Lilnl86fk6nnge7lqsmtNhUxcPlO65zqP7hE1cISV/tSpGHMfDRifUypbomdHCgHW2PkA0UnBrjYRaPIYDG7hmTbgPcJZWXpfxgIka+am7HH9ctCU=
MqLFchcxV5K6CTLb94jrZudanNR3FTEGnCA5Mi9YON1JNUu94XVNBDEPSFdWN2iL5KG9lZfvcAvqGJfs9JU7e+Mgf8DCr+ekmlQfYFd0XYdqvkNErS3urFlfyxljb0tigPuJgeHnrL8TfV20Jg==
UcH3eTUoz2t5kkr5x5TbhyZ52xnPusrw5/v8Y1c0+diChEgtaPzTEabQvBWHOA/e1rCYWyVsGO8ayIBGdm5jp/gc7CSXlQCcgeVpYpVpNt0tZjmYTUdjRhNqtBc=
uXq0OK8gQc2ygU18M6fLGtPSxrPDZnjp7ItjtmL4rp3AFmUF0htFSEJ9yc6LnZigJihHe+WQFWa03WfLD/jboKYXCzQm3Jvg0/zhFwYGp6QJdYIchZcLXycvlpKso+2hxR+Ar291WbQi
h4G3SG+6TiNZfOlgwpG8tG0EnqYvsmIkFmdLEnfA4tJIHXmWkGH+msCQGmR72SzenMIrD+gyxR1OVJkDDgNZxKke0f0riDd4tAE=
ocPTQhlB7+vvxIPo3+kPWTAoIW1Y9MKmRDou2piXLDoLY5o+nD9zDgfc2s6oQUFK4L1GBkAMorgLBRSCfN4TE5gu/UGOCCGffp/hWElCaSFbVA9ktB0=
N7ETij6EphZ5/Fj6I6QCHG0EnqYvsmIkFmdLEnfA4tJIHXmWkGH+msCQGmR72SzenMIrD+gyxRtPVJ8DDgNZxKke0f0riDd4tAE=
LWtJG5qAMFO4Kgdx3lM71jAoIW1Y9MKmRDou2piXLDoLY5o+nD9zDgfc2s6oQUFK4L1GBkAMorgLBRSCfN4TE5gu/UePCCeffp/hWElCaSFbVA9ktB0=
nvJ5iRVxojfLVJqj8Izs9m0EnqYvsmIkFmdLEnfA4tJIHXmWkGH+msCQGmR72SzenMIrD+gyxR9OVJ8DDgNZxKke0f0riDd4tAE=
MiCdydP0xu1X4tliQG/a+FSmdOxHYiD2vidD1J6Mc+C6LFl3zja/ZLHlSjydZ6XezxiOcuQzFeHd78gPlyVxtAo=
z/PCiHWu1K5fAU+SUic6Sxkg1ohvMgffWlSluprblPNCbBzL4u8HJPoU/2A2tL0HCn5jRI3tTiz5n+keg6Aq4mC76YEBpww/sz19tAY=
A9AGYTO+2sz4VlTIcNsoWiZ52xnPusrw5/v8Y1c0+diChEgtaPzTEabQvBWHOA/e1rCYWyVsGO8ayIBHdm5jp/gc7CSXlQCcge5uYpJpNt0tZjmYTUdjRhNqtBc=
aFRVYrwGA8+PjZ0orREYuTSJna8VHPzyzgc4Wy3AjeYsjS8rN4jzYA6Hk5Ru7GPgqswpt56WD+Qhhbp8TUeR3r/43rJUk4VhLY8YT6cFYbQa
WpaLl36/JgDcHaw+5BRMOdPSxrPDZnjp7ItjtmL4rp3AFmUF0hpFSEJ9yc6LnZigJihHe+WQFWa03WfLD/jboKYXCzQm3Jvg0vzhFwYGp6QJdYIchZcOWicnlpKso+2hxR+Ar291WbQi
RwGPVL9lKqRr/s4fBxgFtG0EnqYvsmIkFmdLEnfA4tJIHXmWkGH+msCRGmR72SzenMIrD+gyxRpKVJEDDgNZxKke0f0riDd4tAE=
IOpgP6HMP0wPu/BrZSLngDAoIG1Y9MKmRDou2piXLDoLY5o+nD9zDgfc2s6oQUFK4L1GBkANorgLBRSCfN4TE5gu/UaKCCmffp/hWElCaSFbVA9ktB0=
LiWp0hrTYR84rpdx8seuxm0EnqYvsmIkFmdLEnfA4tJIHXmWkGH+msCRGmR72SzenMIrD+gyxR5JVJEDDgNZxKke0f0riDd4tAE=
nYepRLezfoyAXpUG9DRkkDAoIG1Y9MKmRDou2piXLDoLY5o+nD9zDgfc2s6oQUFK4L1GBkANorgLBRSCfN4TE5gu/UKJCCmffp/hWElCaSFbVA9ktB0=
xp4ahybFrmaSAC7+BmW3VG0EnqYvsmIkFmdLEnfA4tJIHXmWkGH+msCRGmR72SzenMIrD+gyxRxJVJEDDgNZxKke0f0riDd4tAE=
lSayF6BzlVM5B+usvx+gHjAoIW1Y9MKmRDou2piXLDoLY5o+nD9zDgfc2s6oQUFK4L1GBkANorgLBRSCfN4TE5gu/UCJCCmffp/hWElCaSFbVA9ktB0=
nhkOhLpGY6yGuWk8FdopSG0EnqYvsmIkFmdLEnfA4tJIHXmWkGH+msCRGmR72SzenMIrD+gyxRZJVJEDDgNZxKke0f0riDd4tAE=
HDGLLHAE0F1wvKLJZCJ67zAoIW1Y9MKmRDou2piXLDoLY5o+nD9zDgfc2s6oQUFK4L1GBkANorgLBRSCfN4TE5gu/UqJCCmffp/hWElCaSFbVA9ktB0=
6LszITE3JuCoEdwy8GokNDSJna8VHPzyzgc4Wy3AjeYsjS8rN4jzYA6Hk5Ru7GPgqswpt56WD+Qhhbp8TUeT2L/33rJUk4VhLY8YT6cFYbQa
8Ujwr/C+KVQU1tjmxy7+JG0EnqYvsmIkFmdLEnfA4tJIHXmWkGH+msCRGmR72SzenMIrD+gyxRtPVJEDDgNZxKke0f0riDd4tAE=
9s1+UvujMEtKO/GYGPUmXTAoIW1Y9MKmRDou2piXLDoLY5o+nD9zDgfc2s6oQUFK4L1GBkANorgLBRSCfN4TE5gu/UePCCmffp/hWElCaSFbVA9ktB0=
NJtzPKO2ault/LHM9d5Z7t74HE0f/zLsVM4Ze+rCaJzRh4gPJx46svO7iNMaSGfkli52qfeA72amCFhjVVT412rwgH8GVoOfiCQsnOct4CTxUu7a7dHWZV3e+aA9f4N+Y1K0Lw==
CwaPG2/qUeuf66bBQ2bYyjAoIW1Y9MKmRDou2piXLDoLY5o+nD9zDgfc2s6oQUFK4L1GBkAMorgLBRSCfN4TE5gu/UGLCCiffp/hWElCaSFbVA9ktB0=
F4wihOH0VSqlCZD0Wk9dv20EnqYvsmIkFmdLEnfA4tJIHXmWkGH+msCQGmR72SzenMIrD+gyxRhLVJADDgNZxKke0f0riDd4tAE=
v94T6P0uzae9S2Ty3vA+diZ52xnPusrw5/v8Y1c0+diChEgtaPzTEabQvBWHOA/e1rCYWyVsGO8ayIBGdm5jp/gc7CSXlQCcgeprYpxpNt0tZjmYTUdjRhNqtBc=
JD4o/u0aHC9LpztX0qihdm0EnqYvsmIkFmdLEnfA4tJIHXmWkGH+msCRGmR72SzenMIrD+gyxRxKVJADDgNZxKke0f0riDd4tAE=
y9dss/b/+FJZo5WeR37mrTAoIG1Y9MKmRDou2piXLDoLY5o+nD9zDgfc2s6oQUFK4L1GBkANorgLBRSCfN4TE5gu/UCKCCiffp/hWElCaSFbVA9ktB0=
WfQ6rYRNorc+HcalBWcq0zSJna8VHPzyzgc4Wy3AjeYsjS8rN4jzYA6Hk5Ru7GPgqswpt56WD+Qhhbp8TUeV2b/23rJUk4VhLY8YT6cFYbQa
hogbmWNFR7JEg0aTtvhrHW0EnqYvsmIkFmdLEnfA4tJIHXmWkGH+msCRGmR72SzenMIrD+gyxR5IVJADDgNZxKke0f0riDd4tAE=
xPb53Zh4tJHuHGZ641bpIiZ52xnPusrw5/v8Y1c0+diChEgtaPzTEabQvBWHOA/e1rCYWyVsGO8ayIBHdm5jp/gc7CSXlQCcgexoYpxpNt0tZjmYTUdjRhNqtBc=
exoSqk5rHdO75yQYg0Sw5m0EnqYvsmIkFmdLEnfA4tJIHXmWkGH+msCRGmR72SzenMIrD+gyxR1IVJADDgNZxKke0f0riDd4tAE=
7J9IJREes28uHQUbOt9NeDAoIW1Y9MKmRDou2piXLDoLY5o+nD9zDgfc2s6oQUFK4L1GBkANorgLBRSCfN4TE5gu/UGICCiffp/hWElCaSFbVA9ktB0=
olyUfZM+WHHUnjgn4aqxCm0EnqYvsmIkFmdLEnfA4tJIHXmWkGH+msCRGmR72SzenMIrD+gyxRpIVJADDgNZxKke0f0riDd4tAE=
t/Gx6+4ipOHeH2u/2okGMjAoIG1Y9MKmRDou2piXLDoLY5o+nD9zDgfc2s6oQUFK4L1GBkANorgLBRSCfN4TE5gu/UaICCiffp/hWElCaSFbVA9ktB0=
IrJhWikdWzOnhV9wvR532lSmdOxHYiD2vidD1J6Mc+C5LFl3zja/ZLHlSjydZ6Dbzx+LcuUzFeHd78gPlyVxtAo=
mbYAh9Sz/TQ1Lb8dmmjVmBkg1ohvMgffWlSluprblPNCbBzL4u8HJPoU/2A1tL0HCn5jRI3tTiz5n+wbg6cv4mG76YEBpww/sz19tAY=
oLw3SHlKdYJuOHlYaxfEMiZ52xnPusrw5/v8Y1c0+diChEgtaPzTEabQvBWHOA/e1rCYWyVsGO8ayIBEdm5jp/gc7CSXlQCcgetrYpVsNtwtZjmYTUdjRhNqtBc=
kja7PsEwXsZMw2MSHX7uuTSJna8VHPzyzgc4Wy3AjeYsjS8rN4jzYA6Hk5Ru7GPgqcwpt56WD+Qhhbp8TUeW2r//27JVk4VhLY8YT6cFYbQa
mtoMetKq0FSe9NnJ3PNJftPSxrPDZnjp7ItjtmL4rp3AFmUF0h1FSEJ9yc6LnZigJihHe+WQFWa03WfLD/jboKYXCzQm3Jvg0fzhFwYGp6QJdYIchZcNWScvk5Kto+2hxR+Ar291WbQi
C+FQdUfIqrst6rurSAEQ7G0EnqYvsmIkFmdLEnfA4tJIHXmWkGH+msCSGmR72SzenMIrD+gyxRdJVJkGDgJZxKke0f0riDd4tAE=
17PsijCQ8FrdG1lP7FdHUzAoIW1Y9MKmRDou2piXLDoLY5o+nD9zDgfc2s6oQUFK4L1GBkAOorgLBRSCfN4TE5gu/UuJCCGafp7hWElCaSFbVA9ktB0=
GtHXiQWqv3iOhVlSCKA7CjSJna8VHPzyzgc4Wy3AjeYsjS8rN4jzYA6Hk5Ru7GPgqcwpt56WD+Qhhbp8TUeX2L//27JVk4VhLY8YT6cFYbQa
26/LbxeUTsWnO5rQu7KPkDA3IzUPvdW3dmhr0pqeMjxfLtp41jtzDgfc2s6oQUFK4L1GBkAOorgLBRSCfN4TE5gu/UGICCGafp7hWElCaSFbVA9ktB0=
7Py6Mya5plh5PdJIQYexUW0EnqYvsmIkFmdLEnfA4tJIHXmWkGH+msCRGmR72SzenMIrD+gyxRZIVJkGDgJZxKke0f0riDd4tAE=
HnvaCexv9mMoXO+8KBO2CTAoIW1Y9MKmRDou2piXLDoLY5o+nD9zDgfc2s6oQUFK4L1GBkANorgLBRSCfN4TE5gu/UqICCGafp7hWElCaSFbVA9ktB0=
Rtd8AQzZsn53XG7z44Tq6TA3IzUPvdW3dmhr0pqeMjxfLtp41jtzDgfc2s6oQUFK4L1GBkANorgLBRSCfN4TE5gu/UOPCCGafp7hWElCaSFbVA9ktB0=
eSH6vWd7ZnIHycE5jT359W0EnqYvsmIkFmdLEnfA4tJIHXmWkGH+msCRGmR72SzenMIrD+gyxRpPVJkGDgJZxKke0f0riDd4tAE=
fJvWVfYk6FpX7h/2usGOpzAoIG1Y9MKmRDou2piXLDoLY5o+nD9zDgfc2s6oQUFK4L1GBkANorgLBRSCfN4TE5gu/UaPCCGafp7hWElCaSFbVA9ktB0=
kLZEpNyeIkIDZ18/O0IUQzA3IzUPvdW3dmhr0pqeMjxfLtp41jtzDgfc2s6oQUFK4L1GBkANorgLBRSCfN4TE5gu/UWPCCGafp7hWElCaSFbVA9ktB0=
IS/JtdchNttz6lIJpXlT3G0EnqYvsmIkFmdLEnfA4tJIHXmWkGH+msCRGmR72SzenMIrD+gyxRtJVJoGDgJZxKke0f0riDd4tAE=
hDApQXZ3GzN7JqBWy7fF4zAoIW1Y9MKmRDou2piXLDoLY5o+nD9zDgfc2s6oQUFK4L1GBkANorgLBRSCfN4TE5gu/UeJCCKafp7hWElCaSFbVA9ktB0=
NB2YaGB/RUb9+2Nfqrmwcm0EnqYvsmIkFmdLEnfA4tJIHXmWkGH+msCRGmR72SzenMIrD+gyxRlJVJoGDgJZxKke0f0riDd4tAE=
vMGi31gaV4bUoJcGYUhuOjAoIG1Y9MKmRDou2piXLDoLY5o+nD9zDgfc2s6oQUFK4L1GBkANorgLBRSCfN4TE5gu/UWJCCKafp7hWElCaSFbVA9ktB0=
78H+Z5PXmOUuf2RXV+QAiG0EnqYvsmIkFmdLEnfA4tJIHXmWkGH+msCRGmR72SzenMIrD+gyxRdJVJoGDgJZxKke0f0riDd4tAE=
6h5z/rV2CBSzFgOJow7jpCZ52xnPusrw5/v8Y1c0+diChEgtaPzTEabQvBWHOA/e1rCYWyVsGO8ayIBHdm5jp/gc7CSXlQCcgeVpYpZsNtwtZjmYTUdjRhNqtBc=
EWIsE6E6an3s2FnsnhIW31SmdOxHYiD2vidD1J6Mc+C4LFl3zja/ZLHlSjydZ6/YzxyLcuUzFeHd78gPlyVxtAo=
M4fPtSm2KGLXTudGOZAEWxkg1ohvMgffWlSluprblPNCbBzL4u8HJPoU/2A0tL0HCn5jRI3tTiz5n+MYg6Qv4mG76YEBpww/sz19tAY=
cMVtYbjZblOilgkUDDSCPiZ52xnPusrw5/v8Y1c0+diChEgtaPzTEabQvBWHOA/e1rCYWyVsGO8ayIBFdm5jp/gc7CSXlQCcgeRoYpZsNtwtZjmYTUdjRhNqtBc=
Zz9crFkDznS0tyqjWyaf8DSJna8VHPzyzgc4Wy3AjeYsjS8rN4jzYA6Hk5Ru7GPgqMwpt56WD+Qhhbp8TUee2L/827JVk4VhLY8YT6cFYbQa
SFW4MCFqC80oqqpAdtQooNPSxrPDZnjp7ItjtmL4rp3AFmUF0hxFSEJ9yc6LnZigJihHe+WQFWa03WfLD/jboKYXCzQm3Jvg0PzhFwYGp6QJdYIchZcIXycsk5Kto+2hxR+Ar291WbQi
HUaYN0DeXxDZEB6j6kLF3G0EnqYvsmIkFmdLEnfA4tJIHXmWkGH+msCTGmR72SzenMIrD+gyxR1OVJoGDgJZxKke0f0riDd4tAE=
A+YygQtCfWS/3pBbtccvcDAoIW1Y9MKmRDou2piXLDoLY5o+nD9zDgfc2s6oQUFK4L1GBkAPorgLBRSCfN4TE5gu/UGOCCKafp7hWElCaSFbVA9ktB0=
AOTO1wEM3PLsByfkXkZa1TSJna8VHPzyzgc4Wy3AjeYsjS8rN4jzYA6Hk5Ru7GPgqMwpt56WD+Qhhbp8TUeS3r/827JVk4VhLY8YT6cFYbQa
9cVdt3OmfWFTdsIEarb2WjA3IzUPvdW3dmhr0pqeMjxfLtp41jtzDgfc2s6oQUFK4L1GBkAPorgLBRSCfN4TE5gu/UqOCCKafp7hWElCaSFbVA9ktB0=
f7DYe+SdE6a6QIYp5N6+iN74HE0f/zLsVM4fe+rCaJzRh4gPJx46svO7iNMaSGfkli52qfeA72amCFhjVVT412rwgH0GVoOfiCQsnOct4CTxUuva4dTWZF3e+aA9f4N+Y1K0Lw==
SRhftRaBTnGxrBTeoYYPBm0EnqYvsmIkFmdLEnfA4tJIHXmWkGH+msCSGmR72SzenMIrD+gyxRlKVJ0GDgJZxKke0f0riDd4tAE=
6FtOYjNFmXRSLxKZU++vfDAoIG1Y9MKmRDou2piXLDoLY5o+nD9zDgfc2s6oQUFK4L1GBkAOorgLBRSCfN4TE5gu/UWKCCWafp7hWElCaSFbVA9ktB0=
zeovGTdJmUr4jO7O9YnUDDSJna8VHPzyzgc4Wy3AjeYsjS8rN4jzYA6Hk5Ru7GPgqcwpt56WD+Qhhbp8TUee2r/727JVk4VhLY8YT6cFYbQa
2r6W9wn0MwZ5yCbpAlgz1jA3IzUPvdW3dmhr0pqeMjxfLtp41jtzDgfc2s6oQUFK4L1GBkAOorgLBRSCfN4TE5gu/UCJCCWafp7hWElCaSFbVA9ktB0=
k3c3lZ59iSMzzx47bgzlCW0EnqYvsmIkFmdLEnfA4tJIHXmWkGH+msCRGmR72SzenMIrD+gyxR9IVJ0GDgJZxKke0f0riDd4tAE=
j9bF6VHEO6bXaTaroIZMCzAoIG1Y9MKmRDou2piXLDoLY5o+nD9zDgfc2s6oQUFK4L1GBkANorgLBRSCfN4TE5gu/UOICCWafp7hWElCaSFbVA9ktB0=
touR07mVsGgAUe1Y+B8GnW0EnqYvsmIkFmdLEnfA4tJIHXmWkGH+msCQGmR72SzenMIrD+gyxRhLVJwGDgJZxKke0f0riDd4tAE=
J9fgIO0KBmcO3nYIOT8lpzAoIW1Y9MKmRDou2piXLDoLY5o+nD9zDgfc2s6oQUFK4L1GBkAMorgLBRSCfN4TE5gu/UuICCObfp7hWElCaSFbVA9ktB0=
nlEo70RusLoOW1871+h/EG0EnqYvsmIkFmdLEnfA4tJIHXmWkGH+msCQGmR72SzenMIrD+gyxR5PVJsHDgJZxKke0f0riDd4tAE=
sxfWDCwtOCpL/kTkAy6rWW0EnqYvsmIkFmdLEnfA4tJIHXmWkGH+msCRGmR72SzenMIrD+gyxRtOVJ0HDgJZxKke0f0riDd4tAE=
m/sVeFloFTZaNXSwds/7VwUoysFwJRbeFUP37NTVm/tDYF/A4u8HJPoU/2A2tL0HCn5jRI3tTiz5n+Mag6Iu4mG76YEBpww/sz19tAY=
CKJgRejLuHNJ+UByEG8fEANb46QZaifFutF26U2jA6antAp26LkRYgDVdh5AFZLQ6y1Eejxmw3s4ho3aCZDUM952seCJOrkJO7w/fLQF
bNCjvvQO0CmSb68q8mJOJl5cvltyHWSa03Lilnl86fk6nnge7lqsmtBhUxcPlO65zqP7hE1cISV/tSpGHMfDRifUypbomdHCgHW2PkA1UnBrjYRaPIYDG7hmTb4PcJRTXpbxgIka+am7HH9ctCU=
dO2q+lFzZsPQ0V4tZ29E5TAoIW1Y9MKmRDou2piXLDoLY5o+nD9zDgfc2s6oQUFK4L1GBkANorgLBRSCfN4TE5gu/UKJCCebfp7hWElCaSFbVA9ktB0=
Y/y0m2z9+0c6LB80+Z8Ua20EnqYvsmIkFmdLEnfA4tJIHXmWkGH+msCRGmR72SzenMIrD+gyxRxJVJ8HDgJZxKke0f0riDd4tAE=
ucx/OwvThXND2cAE3FKVwVtcvltyHWSa03Lilnl86fk6nnge7lqsmtBhUxcPlO6/zqP7hE1cISV/tSpGHMfDRifUypbomdHCgHW2PkA1UnBrjYRaPIYDG7hmTboKcJZTXpbxgIka+am7HH9ctCU=
mM/aakg8gY1K7XE5uzmWrltcvltyHWSa03Lilnl86fk6nnge7lqsmtBhUxcPlO6+zqP7hE1cISV/tSpGHMfDRifUypbomdHCgHW2PkA1UnBrjYRaPIYDG7hmTbsJcJZTXpbxgIka+am7HH9ctCU=
R6JY83vOmm4QKah9dXX1fDO0rzxLtLRVj4u78hvcd2k2amI17l5O7cCzhjGFG4xBNLj3kUdqDSlSQQkYQBpDLx+Q+vpeymx8m79NOL5NSyh+d0Po/07ErtOJukrV6DYkuRXyXLV3/1sXB+LSHQMdIVW/0O8/VUm0Mg==
JT7eeJphvDP7Rsj1tPTa/9G70I+EsA6KxURPr7Y22NeMyQs5SvgaglyK23cIqlWXy9wBn276KQzp1uHFC5AncLQJ
/L5o4SKeM7E5Bm6erTxD+DO0rzxLtLRVj4u78hvcd2k2amI17l5O7cCzhjGFG4xBNLj3kUdqDSlSQQkYQBpDLx+Q+vpeymx8m79NOL5NSyh+d0Po/07ErtOJukrV6DYkuRXyXLV3/lsXB+LSHQMdIVW/0O8/VUm0Mg==
JT7eeJphvDP7Rsj1tPTa/9G70I+EsA6KxURPr7Y22NeMyQs5SvgaglyK23cIqlWXy9wBn276KQzp1uHFC5AncLQJ
/L5o4SKeM7E5Bm6erTxD+DO0rzxLtLRVj4u78hvcd2k2amI17l5O7cCzhjGFG4xBNLj3kUdqDSlSQQkYQBpDLx+Q+vpeymx8m79NOL5NSyh+d0Po/07ErtOJukrV6DYkuRXyXLV3/lsXB+LSHQMdIVW/0O8/VUm0Mg==
JT7eeJphvDP7Rsj1tPTa/9G70I+EsA6KxURPr7Y22NeMyQs5SvgaglyK23cIqlWXy9wBn276KQzp1uHFC5AncLQJ
/L5o4SKeM7E5Bm6erTxD+DO0rzxLtLRVj4u78hvcd2k2amI17l5O7cCzhjGFG4xBNLj3kUdqDSlSQQkYQBpDLx+Q+vpeymx8m79NOL5NSyh+d0Po/07ErtOJukrV6DYkuRXyXLV3/lsXB+LSHQMdIVW/0O8/VUm0Mg==
JT7eeJphvDP7Rsj1tPTa/9G70I+EsA6KxURPr7Y22NeMyQs5SvgaglyK23cIqlWXy9wBn276KQzp1uHFC5AncLQJ
qcX3zVZwHXSkZM0cBMEymdrBEF1xrS5qGmybyGzth3JTAAwNvR1n04hGW/oiKEpNQw9yLrXc2/Pu2J/bwUfrrEhNz6tXSBNgbkdzFA4sg+DKjMk3/tbv5EHFWvwtB3Pan7d6MvXTpWENz7jPB0VBtDo=
92p0/ZQ775h352UIi2lK2NrBEF1xrS5qGmybyGzth3JTAAwNvR1n04hGW/oiKEpMQw9yLrXc2/Pu2J/bwUfrrEhNz6tXSBNgbkdzFA4sg+DKjMk3/tbv5EHFWvwtB3Lan7d6MvXTpWENz7jPB0VBtDo=
nW6bAa7IzMX+qqe9EWlUuFxcvltyHWSa03Lilnl86fk6nnge7lqsmtBhUxcPlO6/zqP7hE1cISV/tSpGHMfDRifUypbomdHCgHW2PkA1UnBrjYRaPIYDG7hmTbkOcJlTXpbxgIka+am7HH9ctCU=
oEvi+UPe4GYGgRHDCDce1VxcvltyHWSa03Lilnl86fk6nnge7lqsmtBhUxcPlO6+zqP7hE1cISV/tSpGHMfDRifUypbomdHCgHW2PkA1UnBrjYRaPIYDG7hmTbkLcJhTXpbxgIka+am7HH9ctCU=
FrZVz0dIdKY1tXeaFyCr9lSmdOxHYiD2vidD1J6Mc+C5LFl3zja/ZLHlSjydZ6fZzxaKcuUzFeHd78gPlyVxtAo=
rgGgpJ7nv0lnPLepDe2eRhkg1ohvMgffWlSluprblPNCbBzL4u8HJPoU/2A1tL0HCn5jRI3tTiz5n+sZg64u4mG76YEBpww/sz19tAY=
MrxHyZO/KK/Pd1nf4kob7TAoIW1Y9MKmRDou2piXLDoLY5o+nD9zDgfc2s6oQUFK4L1GBkAOorgLBRSCfN4TE5gu/UKJCCibfp7hWElCaSFbVA9ktB0=
agidXsZzamI9mDrgV7XyHW0EnqYvsmIkFmdLEnfA4tJIHXmWkGH+msCSGmR72SzenMIrD+gyxRxJVJAHDgJZxKke0f0riDd4tAE=
nz1ETCONCkOhwpeKCyfZoDAoIG1Y9MKmRDou2piXLDoLY5o+nD9zDgfc2s6oQUFK4L1GBkAOorgLBRSCfN4TE5gu/UCJCCibfp7hWElCaSFbVA9ktB0=
WgQSVhjM7hB1Iq6nQ4LryW0EnqYvsmIkFmdLEnfA4tJIHXmWkGH+msCSGmR72SzenMIrD+gyxRpJVJAHDgJZxKke0f0riDd4tAE=
daiA+/wO5ddpm3Wm94u8rDAoIW1Y9MKmRDou2piXLDoLY5o+nD9zDgfc2s6oQUFK4L1GBkAOorgLBRSCfN4TE5gu/UaJCCibfp7hWElCaSFbVA9ktB0=
I05xZi43MhXxSNjA/YzEsTAoIW1Y9MKmRDou2piXLDoLY5o+nD9zDgfc2s6oQUFK4L1GBkANorgLBRSCfN4TE5gu/UWJCCibfp7hWElCaSFbVA9ktB0=
4w5+HdxS7lZ5+sRx7PUfG20EnqYvsmIkFmdLEnfA4tJIHXmWkGH+msCRGmR72SzenMIrD+gyxRpPVJAHDgJZxKke0f0riDd4tAE=
ZntZzvFg3ifvIq45BBqJVDAoIG1Y9MKmRDou2piXLDoLY5o+nD9zDgfc2s6oQUFK4L1GBkANorgLBRSCfN4TE5gu/UaPCCibfp7hWElCaSFbVA9ktB0=
jp79oWjGyx5q1ZE1f1Zqa20EnqYvsmIkFmdLEnfA4tJIHXmWkGH+msCRGmR72SzenMIrD+gyxRpOVJAHDgJZxKke0f0riDd4tAE=
SmeWFEhDABAJgOZGrHGn1m0EnqYvsmIkFmdLEnfA4tJIHXmWkGH+msCSGmR72SzenMIrD+gyxRZOVJAHDgJZxKke0f0riDd4tAE=
VkOXb6GaNMLSR+x0VM6RG11cvltyHWSa03Lilnl86fk6nnge7lqsmtBhUxcPlO65zqP7hE1cISV/tSpGHMfDRifUypbomdHCgHW2PkA2UnBrjYRaPIYDG7hmTboIcJFQXpbxgIka+am7HH9ctCU=
z0ohyfEn+URagrFPuNcHnl1cvltyHWSa03Lilnl86fk6nnge7lqsmtBhUxcPlO64zqP7hE1cISV/tSpGHMfDRifUypbomdHCgHW2PkA2UnBrjYRaPIYDG7hmTb8IcJFQXpbxgIka+am7HH9ctCU=
mPQn7OHTZ/ccEpVtj6DzMltcvltyHWSa03Lilnl86fk6nnge7lqsmtBhUxcPlO6+zqP7hE1cISV/tSpGHMfDRifUypbomdHCgHW2PkA2UnBrjYRaPIYDG7hmTbwPcJFQXpbxgIka+am7HH9ctCU=
/SqsDzBvbOkWecnIoCU21DAoIW1Y9MKmRDou2piXLDoLY5o+nD9zDgfc2s6oQUFK4L1GBkANorgLBRSCfN4TE5gu/UGOCCGYfp7hWElCaSFbVA9ktB0=
DV1Xv1outp2caVbPv3j+CbWKvQgcJ4rdlnh8k9LzhyTvRs7phYNdXEEw/NPZXCQooaBoCGN/1ML9tBNR0FRnI3L+3Rvzmr+Ht3FfmxJHrQFjtBg=
bzhSjnwybQsX5cfGkxzmhjAoIW1Y9MKmRDou2piXLDoLY5o+nD9zDgfc2s6oQUFK4L1GBkAMorgLBRSCfN4TE5gu/UCLCCCYfp7hWElCaSFbVA9ktB0=
khcxn7KYZ9aUlJLX73yc9rWKvQgcJ4rdlnh8k9LzhyTvRs7phYNdXEEw/NPZXCQooaBpCGN/1ML9tBNR0FRnI3D73Rrzmr+Ht3FfmxJHrQFjtBg=
f2uQEAC86RyLHvbzyS9L+VSmdOxHYiD2vidD1J6Mc+C4LFl3zja/ZLHlSjydZ6Tazx6JcuUzFeHd78gPlyVxtAo=
AEdTw/lXINCsy1rZWW9sShkg1ohvMgffWlSluprblPNCbBzL4u8HJPoU/2A0tL0HCn5jRI3tTiz5n+gag6Yt4mG76YEBpww/sz19tAY=
crJJNw7z9jINCctWvj6qoTAoIW1Y9MKmRDou2piXLDoLY5o+nD9zDgfc2s6oQUFK4L1GBkAPorgLBRSCfN4TE5gu/UaKCCCYfp7hWElCaSFbVA9ktB0=
v+/gDexS0P6dY5IdMeslprWKvQgcJ4rdlnh8k9LzhyTvRs7phYNdXEEw/NPZXCQooaBqCGN/1ML9tBNR0FRnI3P63Rrzmr+Ht3FfmxJHrQFjtBg=
MGYLkGlKXpG9C1ftYCr9K20EnqYvsmIkFmdLEnfA4tJIHXmWkGH+msCTGmR72SzenMIrD+gyxRZKVJgEDgJZxKke0f0riDd4tAE=
gHKfJo0owT5TRzSE/z62KVxcvltyHWSa03Lilnl86fk6nnge7lqsmtBhUxcPlO65zqP7hE1cISV/tSpGHMfDRifUypbomdHCgHW2PkA3UnBrjYRaPIYDG7hmTboOcJBQXpbxgIka+am7HH9ctCU=
PEdW5VsyyQo6X237Q3jGF1xcvltyHWSa03Lilnl86fk6nnge7lqsmtBhUxcPlO64zqP7hE1cISV/tSpGHMfDRifUypbomdHCgHW2PkA3UnBrjYRaPIYDG7hmTb0OcJBQXpbxgIka+am7HH9ctCU=
lIBnVs33NXcN1Cvu5AEUs1xcvltyHWSa03Lilnl86fk6nnge7lqsmtBhUxcPlO6/zqP7hE1cISV/tSpGHMfDRifUypbomdHCgHW2PkA3UnBrjYRaPIYDG7hmTbgLcJNQXpbxgIka+am7HH9ctCU=
bvmd5gwunDgeGrjpZSIe2TO0rzxLtLRVj4u78hvcd2k2amI17l5O7cCzhjGFG4xBNLj3kUdqDSlSQQkYQBpDLx+Q+vpeymx8m79NOL5NSyh+d0Po/07ErtOJukrV6DYkuRXyXLV3/l8XDeHSHQMdIVW/0O8/VUm0Mg==
BRzvkZz8sSFubjosabmIMtG70I+EsA6KxURPr7Y22NeMyQs5SvgaglyK23cIqlWXz9wLnG76KQzp1uHFC5AncLQJ
adPPCPCQ+kJs5eQWO5L2TjO0rzxLtLRVj4u78hvcd2k2amI17l5O7cCzhjGFG4xBNLj3kUdqDSlSQQkYQBpDLx+Q+vpeymx8m79NOL5NSyh+d0Po/07ErtOJukrV6DYkuRXyXLV3/V8XDeHSHQMdIVW/0O8/VUm0Mg==
WdqX5yUMaE2lIfvgT476sNG70I+EsA6KxURPr7Y22NeMyQs5SvgaglyK23cIqlWUz9wLnG76KQzp1uHFC5AncLQJ
adPPCPCQ+kJs5eQWO5L2TjO0rzxLtLRVj4u78hvcd2k2amI17l5O7cCzhjGFG4xBNLj3kUdqDSlSQQkYQBpDLx+Q+vpeymx8m79NOL5NSyh+d0Po/07ErtOJukrV6DYkuRXyXLV3/V8XDeHSHQMdIVW/0O8/VUm0Mg==
WdqX5yUMaE2lIfvgT476sNG70I+EsA6KxURPr7Y22NeMyQs5SvgaglyK23cIqlWUz9wLnG76KQzp1uHFC5AncLQJ
adPPCPCQ+kJs5eQWO5L2TjO0rzxLtLRVj4u78hvcd2k2amI17l5O7cCzhjGFG4xBNLj3kUdqDSlSQQkYQBpDLx+Q+vpeymx8m79NOL5NSyh+d0Po/07ErtOJukrV6DYkuRXyXLV3/V8XDeHSHQMdIVW/0O8/VUm0Mg==
WdqX5yUMaE2lIfvgT476sNG70I+EsA6KxURPr7Y22NeMyQs5SvgaglyK23cIqlWUz9wLnG76KQzp1uHFC5AncLQJ
adPPCPCQ+kJs5eQWO5L2TjO0rzxLtLRVj4u78hvcd2k2amI17l5O7cCzhjGFG4xBNLj3kUdqDSlSQQkYQBpDLx+Q+vpeymx8m79NOL5NSyh+d0Po/07ErtOJukrV6DYkuRXyXLV3/V8XDeHSHQMdIVW/0O8/VUm0Mg==
WdqX5yUMaE2lIfvgT476sNG70I+EsA6KxURPr7Y22NeMyQs5SvgaglyK23cIqlWUz9wLnG76KQzp1uHFC5AncLQJ
adPPCPCQ+kJs5eQWO5L2TjO0rzxLtLRVj4u78hvcd2k2amI17l5O7cCzhjGFG4xBNLj3kUdqDSlSQQkYQBpDLx+Q+vpeymx8m79NOL5NSyh+d0Po/07ErtOJukrV6DYkuRXyXLV3/V8XDeHSHQMdIVW/0O8/VUm0Mg==
WdqX5yUMaE2lIfvgT476sNG70I+EsA6KxURPr7Y22NeMyQs5SvgaglyK23cIqlWUz9wLnG76KQzp1uHFC5AncLQJ
adPPCPCQ+kJs5eQWO5L2TjO0rzxLtLRVj4u78hvcd2k2amI17l5O7cCzhjGFG4xBNLj3kUdqDSlSQQkYQBpDLx+Q+vpeymx8m79NOL5NSyh+d0Po/07ErtOJukrV6DYkuRXyXLV3/V8XDeHSHQMdIVW/0O8/VUm0Mg==
WdqX5yUMaE2lIfvgT476sNG70I+EsA6KxURPr7Y22NeMyQs5SvgaglyK23cIqlWUz9wLnG76KQzp1uHFC5AncLQJ
bT1TmXs9/eDicctWkNrh1zO0rzxLtLRVj4u78hvcd2k2amI17l5O7cCzhjGFG4xBNLj3kUdqDSlSQQkYQBpDLx+Q+vpeymx8m79NOL5NSyh+d0Po/07ErtOJukrV6DYkuRXyXLV3/F8XDeHSHQMdIVW/0O8/VUm0Mg==
A6Y948VLBOOtZwdBNI8snNG70I+EsA6KxURPr7Y22NeMyQs5SvgaglyK23cIqlWVz9wLnG76KQzp1uHFC5AncLQJ
bT1TmXs9/eDicctWkNrh1zO0rzxLtLRVj4u78hvcd2k2amI17l5O7cCzhjGFG4xBNLj3kUdqDSlSQQkYQBpDLx+Q+vpeymx8m79NOL5NSyh+d0Po/07ErtOJukrV6DYkuRXyXLV3/F8XDeHSHQMdIVW/0O8/VUm0Mg==
A6Y948VLBOOtZwdBNI8snNG70I+EsA6KxURPr7Y22NeMyQs5SvgaglyK23cIqlWVz9wLnG76KQzp1uHFC5AncLQJ
dkJIbRwIyAX0xHRFZJawvzO0rzxLtLRVj4u78hvcd2k2amI17l5O7cCzhjGFG4xBNLj3kUdqDSlSQQkYQBpDLx+Q+vpeymx8m79NOL5NSyh+d0Po/07ErtOJukrV6DYkuRXyXLV3+14XDeHSHQMdIVW/0O8/VUm0Mg==
IjKaQBZ+oOxIViGqlZNdoNG70I+EsA6KxURPr7Y22NeMyQs5SvgaglyK23cIqlWSztwLnG76KQzp1uHFC5AncLQJ
dkJIbRwIyAX0xHRFZJawvzO0rzxLtLRVj4u78hvcd2k2amI17l5O7cCzhjGFG4xBNLj3kUdqDSlSQQkYQBpDLx+Q+vpeymx8m79NOL5NSyh+d0Po/07ErtOJukrV6DYkuRXyXLV3+14XDeHSHQMdIVW/0O8/VUm0Mg==
IjKaQBZ+oOxIViGqlZNdoNG70I+EsA6KxURPr7Y22NeMyQs5SvgaglyK23cIqlWSztwLnG76KQzp1uHFC5AncLQJ
dkJIbRwIyAX0xHRFZJawvzO0rzxLtLRVj4u78hvcd2k2amI17l5O7cCzhjGFG4xBNLj3kUdqDSlSQQkYQBpDLx+Q+vpeymx8m79NOL5NSyh+d0Po/07ErtOJukrV6DYkuRXyXLV3+14XDeHSHQMdIVW/0O8/VUm0Mg==
IjKaQBZ+oOxIViGqlZNdoNG70I+EsA6KxURPr7Y22NeMyQs5SvgaglyK23cIqlWSztwLnG76KQzp1uHFC5AncLQJ
dkJIbRwIyAX0xHRFZJawvzO0rzxLtLRVj4u78hvcd2k2amI17l5O7cCzhjGFG4xBNLj3kUdqDSlSQQkYQBpDLx+Q+vpeymx8m79NOL5NSyh+d0Po/07ErtOJukrV6DYkuRXyXLV3+14XDeHSHQMdIVW/0O8/VUm0Mg==
IjKaQBZ+oOxIViGqlZNdoNG70I+EsA6KxURPr7Y22NeMyQs5SvgaglyK23cIqlWSztwLnG76KQzp1uHFC5AncLQJ
dkJIbRwIyAX0xHRFZJawvzO0rzxLtLRVj4u78hvcd2k2amI17l5O7cCzhjGFG4xBNLj3kUdqDSlSQQkYQBpDLx+Q+vpeymx8m79NOL5NSyh+d0Po/07ErtOJukrV6DYkuRXyXLV3+14XDeHSHQMdIVW/0O8/VUm0Mg==
IjKaQBZ+oOxIViGqlZNdoNG70I+EsA6KxURPr7Y22NeMyQs5SvgaglyK23cIqlWSztwLnG76KQzp1uHFC5AncLQJ
CIKIPaUHIoQZM/mej2tKPTAoIW1Y9MKmRDou2piXLDoLY5o+nD9zDgfc2s6oQUFK4L1GBkAOorgLBRSCfN4TE5gu/UOLCCKYfp7hWElCaSFbVA9ktB0=
caaCwbAjbTIo9/PxVIVfj20EnqYvsmIkFmdLEnfA4tJIHXmWkGH+msCSGmR72SzenMIrD+gyxRxKVJoEDgJZxKke0f0riDd4tAE=
rJmX9reww+ijk0XzpZidp0o1JnAAOiU9CLHbvEIEN/H4/fZab+KCNBZ3K8K3sAJiyO3ZJlAx3orAgDo0u2mMLhxyy38o4qUGSkR/VE7yOXQpbnFNa1gXaLQR
RykTHRRTZQ7nnE5YLaJ5nIr+cBwN1pu4PBcCxL7+Y2vhiEkmaEXjW+swl4CqH28E4mTnYC9EpSfiDquExT3mjAEPUZ77MZWCieuhQUmXJF+rDWW0Hg==
LYS510Od+fmqcVh3fajMpDIoI21Y9MKmZDou2piXLDoLY5o+nD9zDgfc2s6oQUFK4L1GBkAMorgLBRSCfN4TE5gu/UeLCCaYfp7hWElCaSFbVA9ktB0=
d3cYERvzVYNhbYLuXFuf2TAoIW1Y9MKmZDou2piXLDoLY5o+nD9zDgfc2s6oQUFK4L1GBkAMorgLBRSCfN4TE5gu/UKICCaYfp7hWElCaSFbVA9ktB0=
0h0AApmdW0uOq/wwukQae0o1JnAAOiU9CLHbvEIEN/H4/fZab+KCNBZ3K8K3sAJiyO3ZJlAx3orAgDo0u2mMLhxyy38o4qUISER+VE7yOXQpbnFNa1gXaLQR
Mg47H9uJKgBXb5NEV0BJ6maG33mUvFmaxatC0LzqOhfSNniA2YOIAz8KCk7b3+j/4nw3uF7qtuWvVB/azqz4j+0gaEvidADynsIz4yDAzDCfmTD4uRKqFjWCpli1+tnMBYuTYmtWtCM=
NGBJL4qfuSeK9H7RKOAcgm0EnqYvsmIkFmdLEnfA4tJIHXmWkGH+msCQGmR72SzenMIrD+gyxRlKVJEEDgJZxKke0f0riDd4tAE=
KL0/mSCotbqbjkwE/EseJDAoIW1Y9MKmRDou2piXLDoLY5o+nD9zDgfc2s6oQUFK4L1GBkAMorgLBRSCfN4TE5gu/UWKCCmYfp7hWElCaSFbVA9ktB0=
uyhxOrxWRQojIk2s3EPSrW0EnqYvsmIkFmdLEnfA4tJIHXmWkGH+msCQGmR72SzenMIrD+gyxRdKVJEEDgJZxKke0f0riDd4tAE=
xfSZrXpkY4W3h21h0lsCAjAoIG1Y9MKmRDou2piXLDoLY5o+nD9zDgfc2s6oQUFK4L1GBkAMorgLBRSCfN4TE5gu/UuKCCmYfp7hWElCaSFbVA9ktB0=
daMtrpKuEFD8YXhMvh2ScjSJna8VHPzyzgc4Wy3AjeYsjS8rN4jzYA6Hk5Ru7GPgq8wpt56WD+Qhhbp8TUeW2b/32bJVk4VhLY8YT6cFYbQa
AnGHinKMyPfaiwjiEuq0wzA3IzUPvdW3dmhr0pqeMjxfLtp41jtzDgfc2s6oQUFK4L1GBkAMorgLBRSCfN4TE5gu/UaJCCmYfp7hWElCaSFbVA9ktB0=
AK5z5RNvpr14eeXQ8dFKKG0EnqYvsmIkFmdLEnfA4tJIHXmWkGH+msCQGmR72SzenMIrD+gyxRlJVJEEDgJZxKke0f0riDd4tAE=
uFxZnb0ksXWe3i5Epr0CWDAoIW1Y9MKmRDou2piXLDoLY5o+nD9zDgfc2s6oQUFK4L1GBkAMorgLBRSCfN4TE5gu/UWJCCmYfp7hWElCaSFbVA9ktB0=
ryvxrDApuK60SgJ8t/fIH20EnqYvsmIkFmdLEnfA4tJIHXmWkGH+msCQGmR72SzenMIrD+gyxRZJVJwFDgJZxKke0f0riDd4tAE=
qjFeQKwyin8hBZ6olc1NETAoIW1Y9MKmRDou2piXLDoLY5o+nD9zDgfc2s6oQUFK4L1GBkAMorgLBRSCfN4TE5gu/UqJCCSZfp7hWElCaSFbVA9ktB0=
1EbtaQxZ4fCunNYr5BF6jW0EnqYvsmIkFmdLEnfA4tJIHXmWkGH+msCQGmR72SzenMIrD+gyxRpIVJwFDgJZxKke0f0riDd4tAE=
hVodoDkXj2Hmj7a81bQE511cvltyHWSa03Lilnl86fk6nnge7lqsmtBhUxcPlO64zqP7hE1cISV/tSpGHMfDRifUypbomdHCgHW2PkA0UnBrjYRaPIYDG7hmTboKcJdRXpbxgIka+am7HH9ctCU=
p8+tLhFluWbKWKc8elIImV1cvltyHWSa03Lilnl86fk6nnge7lqsmtBhUxcPlO6/zqP7hE1cISV/tSpGHMfDRifUypbomdHCgHW2PkA0UnBrjYRaPIYDG7hmTb8KcJdRXpbxgIka+am7HH9ctCU=
wKSYm0Tl8bAAId53hQA8QV1cvltyHWSa03Lilnl86fk6nnge7lqsmtBhUxcPlO6+zqP7hE1cISV/tSpGHMfDRifUypbomdHCgHW2PkA0UnBrjYRaPIYDG7hmTbMKcJdRXpbxgIka+am7HH9ctCU=
yyuHq2Eo1G4e34zfcjn4FDAoIW1Y9MKmRDou2piXLDoLY5o+nD9zDgfc2s6oQUFK4L1GBkAMorgLBRSCfN4TE5gu/UePCCeZfp7hWElCaSFbVA9ktB0=
Acy6ezKqCK3VlWDL5qaPPVSmdOxHYiD2vidD1J6Mc+C6LFl3zja/ZLHlSjydZ6fezxmIcuUzFeHd78gPlyVxtAo=
30wg/yFtwP5lyXHSw/7Xlxkg1ohvMgffWlSluprblPNCbBzL4u8HJPoU/2A2tL0HCn5jRI3tTiz5n+seg6Es4mG76YEBpww/sz19tAY=
g/LrxvG6in+0qn+JnutxszAoIW1Y9MKmRDou2piXLDoLY5o+nD9zDgfc2s6oQUFK4L1GBkANorgLBRSCfN4TE5gu/UKOCCeZfp7hWElCaSFbVA9ktB0=
1BzBEzM5pxEVaRtk6zqqg974HE0f/zLsVM4Ze+rCaJzRh4gPJx46svO7iNMaSGfkli52qfeA72amCFhjVVT412rwgH8GVoOfiCQsnOct4CTxVOva4tfWZF3e+aA9f4N+Y1K0Lw==
8RgAottjeF1hJX7//cYBEW0EnqYvsmIkFmdLEnfA4tJIHXmWkGH+msCRGmR72SzenMIrD+gyxRxLVJ4FDgJZxKke0f0riDd4tAE=
Q2dqwmsqzLRCM2djxhQknzAoIG1Y9MKmRDou2piXLDoLY5o+nD9zDgfc2s6oQUFK4L1GBkANorgLBRSCfN4TE5gu/UCLCCaZfp7hWElCaSFbVA9ktB0=
GkDr+Pxp0ZFZ5u94WIE1aVSmdOxHYiD2vidD1J6Mc+C5LFl3zja/ZLHlSjydZ6/azxiIcuUzFeHd78gPlyVxtAo=
QBvc4aUXsbT5JZ9oh1af5hkg1ohvMgffWlSluprblPNCbBzL4u8HJPoU/2A1tL0HCn5jRI3tTiz5n+Mag6As4mG76YEBpww/sz19tAY=
w9eoCcpQxw9EL790KL7Q4TAoIW1Y9MKmRDou2piXLDoLY5o+nD9zDgfc2s6oQUFK4L1GBkAOorgLBRSCfN4TE5gu/UqKCCaZfp7hWElCaSFbVA9ktB0=
4Y+UpJOV2nEOFO4SYjBFZ20EnqYvsmIkFmdLEnfA4tJIHXmWkGH+msCSGmR72SzenMIrD+gyxRdKVJ4FDgJZxKke0f0riDd4tAE=
d1vH0oQ5GfOgLQVBQN79tzAoIG1Y9MKmRDou2piXLDoLY5o+nD9zDgfc2s6oQUFK4L1GBkAOorgLBRSCfN4TE5gu/UuKCCaZfp7hWElCaSFbVA9ktB0=
8IyqPpZk+wJyDSNIkYo7MW0EnqYvsmIkFmdLEnfA4tJIHXmWkGH+msCSGmR72SzenMIrD+gyxR5JVJ4FDgJZxKke0f0riDd4tAE=
E5CfP8h5MU49YXBY9OihMDAoIW1Y9MKmRDou2piXLDoLY5o+nD9zDgfc2s6oQUFK4L1GBkAOorgLBRSCfN4TE5gu/UKJCCaZfp7hWElCaSFbVA9ktB0=
OZKf8kk4qJDyBrREfZ+TeW0EnqYvsmIkFmdLEnfA4tJIHXmWkGH+msCSGmR72SzenMIrD+gyxR9JVJ4FDgJZxKke0f0riDd4tAE=
V8ahaJUNvZ3zaSgAs5b0IjAoIG1Y9MKmRDou2piXLDoLY5o+nD9zDgfc2s6oQUFK4L1GBkAOorgLBRSCfN4TE5gu/UOJCCaZfp7hWElCaSFbVA9ktB0=
Peph9pklPKgDW8UmRSNcEVSmdOxHYiD2vidD1J6Mc+C4LFl3zja/ZLHlSjydZ6HZzxiIcuUzFeHd78gPlyVxtAo=
FWw9nvUTotujsHeOMNgrLRkg1ohvMgffWlSluprblPNCbBzL4u8HJPoU/2A0tL0HCn5jRI3tTiz5n+0Zg6As4mG76YEBpww/sz19tAY=
MsM9ytZy70W3X7yLhIoFGjAoIG1Y9MKmRDou2piXLDoLY5o+nD9zDgfc2s6oQUFK4L1GBkAPorgLBRSCfN4TE5gu/USJCCaZfp7hWElCaSFbVA9ktB0=
/Q9DQpNmiD66CyF0WZMqrG0EnqYvsmIkFmdLEnfA4tJIHXmWkGH+msCTGmR72SzenMIrD+gyxRlJVJ4FDgJZxKke0f0riDd4tAE=
XzaGdB9zi35E+KHf12GvmzAoIW1Y9MKmRDou2piXLDoLY5o+nD9zDgfc2s6oQUFK4L1GBkAPorgLBRSCfN4TE5gu/UWJCCaZfp7hWElCaSFbVA9ktB0=
h3sMmUAePxEQHJfd5No4g20EnqYvsmIkFmdLEnfA4tJIHXmWkGH+msCTGmR72SzenMIrD+gyxRdJVJ4FDgJZxKke0f0riDd4tAE=
xA0R/n1APQhYSWoId2SmzTAoIG1Y9MKmRDou2piXLDoLY5o+nD9zDgfc2s6oQUFK4L1GBkAPorgLBRSCfN4TE5gu/UuJCCaZfp7hWElCaSFbVA9ktB0=
6ghgvzg24pUJ/Ao/CabBG20EnqYvsmIkFmdLEnfA4tJIHXmWkGH+msCTGmR72SzenMIrD+gyxRxIVJ4FDgJZxKke0f0riDd4tAE=
KUhcNczPn5KGLtWonRgu2jAoIW1Y9MKmRDou2piXLDoLY5o+nD9zDgfc2s6oQUFK4L1GBkAPorgLBRSCfN4TE5gu/UCICCaZfp7hWElCaSFbVA9ktB0=
2NeiDMfIZ158hdqwRbcX920EnqYvsmIkFmdLEnfA4tJIHXmWkGH+msCRGmR72SzenMIrD+gyxRlPVJ4FDgJZxKke0f0riDd4tAE=
mgv3sJz87dM6Ygsnm+dgjjAoIG1Y9MKmRDou2piXLDoLY5o+nD9zDgfc2s6oQUFK4L1GBkANorgLBRSCfN4TE5gu/UWPCCaZfp7hWElCaSFbVA9ktB0=
2NeiDMfIZ158hdqwRbcX920EnqYvsmIkFmdLEnfA4tJIHXmWkGH+msCRGmR72SzenMIrD+gyxRlPVJ4FDgJZxKke0f0riDd4tAE=
7JPjm58D0Yv5L+YCWQTxqzAoIW1Y9MKmRDou2piXLDoLY5o+nD9zDgfc2s6oQUFK4L1GBkANorgLBRSCfN4TE5gu/UWPCCaZfp7hWElCaSFbVA9ktB0=
/PRxVDkh9rYhMJ3vOxCus20EnqYvsmIkFmdLEnfA4tJIHXmWkGH+msCRGmR72SzenMIrD+gyxR5OVJ4FDgJZxKke0f0riDd4tAE=
KwgDi25e5Bv6RtmYIp+pdTAoIG1Y9MKmRDou2piXLDoLY5o+nD9zDgfc2s6oQUFK4L1GBkANorgLBRSCfN4TE5gu/UKOCCaZfp7hWElCaSFbVA9ktB0=
FLmBXqV3Ffd6b3XLbLzYb20EnqYvsmIkFmdLEnfA4tJIHXmWkGH+msCRGmR72SzenMIrD+gyxR5IVJEFDgJZxKke0f0riDd4tAE=
brQU31gcBQqemDCF1yFeIzAoIW1Y9MKmRDou2piXLDoLY5o+nD9zDgfc2s6oQUFK4L1GBkANorgLBRSCfN4TE5gu/UKICCmZfp7hWElCaSFbVA9ktB0=
BsIUIymtJJfZVlUyk0hZcW0EnqYvsmIkFmdLEnfA4tJIHXmWkGH+msCRGmR72SzenMIrD+gyxR9IVJEFDgJZxKke0f0riDd4tAE=
9PPYGiOP+i+2JsZBYi7KnjAoIW1Y9MKmRDou2piXLDoLY5o+nD9zDgfc2s6oQUFK4L1GBkANorgLBRSCfN4TE5gu/UOICCmZfp7hWElCaSFbVA9ktB0=
BsIUIymtJJfZVlUyk0hZcW0EnqYvsmIkFmdLEnfA4tJIHXmWkGH+msCRGmR72SzenMIrD+gyxR9IVJEFDgJZxKke0f0riDd4tAE=
9PPYGiOP+i+2JsZBYi7KnjAoIW1Y9MKmRDou2piXLDoLY5o+nD9zDgfc2s6oQUFK4L1GBkANorgLBRSCfN4TE5gu/UOICCmZfp7hWElCaSFbVA9ktB0=
H+qCzTrwvT4dkiCGQQp3Ft74HE0f/zLsVM4Ye+rCaJzRh4gPJx46svO7iNMaSGfkli52qfeA72amCFhjVVT412rwgH8GVoOfiCQsnOct4CTxUuja7dfWZF3e+aA9f4N+Y1K0Lw==
sY/l7e96gCJ3gVz9NbJjiG0EnqYvsmIkFmdLEnfA4tJIHXmWkGH+msCRGmR72SzenMIrD+gyxRhIVJEFDgJZxKke0f0riDd4tAE=
/qewFUK8Ep3VinsX1silujAoIG1Y9MKmRDou2piXLDoLY5o+nD9zDgfc2s6oQUFK4L1GBkANorgLBRSCfN4TE5gu/USICCmZfp7hWElCaSFbVA9ktB0=
CCh6zZX/y5lXXoPK6gIQxW0EnqYvsmIkFmdLEnfA4tJIHXmWkGH+msCRGmR72SzenMIrD+gyxRZIVJEFDgJZxKke0f0riDd4tAE=
WHETm1zvJqI/edT2gug9QDAoIW1Y9MKmRDou2piXLDoLY5o+nD9zDgfc2s6oQUFK4L1GBkANorgLBRSCfN4TE5gu/UqICCmZfp7hWElCaSFbVA9ktB0=
BwGr2/FyirwByo5vBU/0ym0EnqYvsmIkFmdLEnfA4tJIHXmWkGH+msCRGmR72SzenMIrD+gyxR5PVJEFDgJZxKke0f0riDd4tAE=
FCokC7YHiDIMT2coSnwNADAoIG1Y9MKmRDou2piXLDoLY5o+nD9zDgfc2s6oQUFK4L1GBkANorgLBRSCfN4TE5gu/UKPCCmZfp7hWElCaSFbVA9ktB0=
4GhNfLA62pf17tsGqla6V20EnqYvsmIkFmdLEnfA4tJIHXmWkGH+msCRGmR72SzenMIrD+gyxRdOVJEFDgJZxKke0f0riDd4tAE=
ctkSvatO9WlCDs+tVCFfkDAoIW1Y9MKmRDou2piXLDoLY5o+nD9zDgfc2s6oQUFK4L1GBkANorgLBRSCfN4TE5gu/UuOCCmZfp7hWElCaSFbVA9ktB0=
HjQTE1yPOYTm+fVh8ttOpnWesbKis5dmNpCTfdw+ETXGCUlITmXd/v+1hEAaQBOrEahZJngl05tbUCcAOn+/xLJEF2BeZHVnsu47BHXdVswx70Wa6x7kwnlL0cHZN3Sfe21VtC4=
FHyy7o4CTewQ55EjV/GortPSxrPDZnjp7ItjtmL4r53AFmUF0hFFSEJ9yc6LnZigJihHe+WQFWa03WfLD/jboKYXCzQm3Jvg0vzhFwYGp6QJdYIchZcGWicmkJKto+2hxR+Ar291WbQi
+TocAk8pl38+Voss/zlL8W0EnqYvsmIkFmdLEnfA4tJIHXmWkGH+msCRGmR72SzenMIrD+gyxR1JVJAFDgJZxKke0f0riDd4tAE=
cNMqkyuV4DvCmDgRawKBHzAoIG1Y9MKmRDou2piXLDoLY5o+nD9zDgfc2s6oQUFK4L1GBkANorgLBRSCfN4TE5gu/UGJCCiZfp7hWElCaSFbVA9ktB0=
EU6OurNiKQ7Xlz8jkmU9B20EnqYvsmIkFmdLEnfA4tJIHXmWkGH+msCRGmR72SzenMIrD+gyxRxPVJAFDgJZxKke0f0riDd4tAE=
bO0nS8DR/k9i6XZq89a05TAoIW1Y9MKmRDou2piXLDoLY5o+nD9zDgfc2s6oQUFK4L1GBkANorgLBRSCfN4TE5gu/UCPCCiZfp7hWElCaSFbVA9ktB0=
FtzLjRLxlVhPjmRlxkh28HD30BitoD4cAc7viCh/PiTi1pc7tXAFZqT9t4tfWEsg1rf7dFb8a+Ci3BHXdqZXJJnVUtzVtxlbN09HUv3DfSF1fzBvXxVptBI=
Ds7+QYBeODz5CFEErp4JbdPSxrPDZnjp7ItjtmL4rp3AFmUF0hFFSEJ9yc6LnZigJihHe+WQFWa03WfLD/jboKYXCzQm3Jvg0vzhFwYGp6QJdYIchZcPWScvl5Kto+2hxR+Ar291WbQi
ZyDO30sBU7e5MCwwVcoa2tPSxrPDZnjp7ItjtmL4rp3AFmUF0h9FSEJ9yc6LnZigJihHe+WQFWa03WfLD/jboKYXCzQm3Jvg0vzhFwYGp6QJdYIchZcPWCcvl5Kto+2hxR+Ar291WbQi
kAM7I7/Eych9xZTCs7dRaG0EnqYvsmIkFmdLEnfA4tJIHXmWkGH+msCQGmR72SzenMIrD+gyxR9OVJkCDgJZxKke0f0riDd4tAE=
LyQyBmuHqQkO3na7QzbhmDAoIW1Y9MKmRDou2piXLDoLY5o+nD9zDgfc2s6oQUFK4L1GBkAMorgLBRSCfN4TE5gu/UOOCCGefp7hWElCaSFbVA9ktB0=
XmB82MqsuFusyjQFJ/xOHd74HE0f/zLsVM4ae+rCaJzRh4gPJx46svO7iNMaSGfkli52qfeA72amCFhjVVT412rwgH4GVoOfiCQsnOct4CTxUe7a5dDWZF3e+aA9f4N+Y1K0Lw==
a1Ik68G9G2qo2zRziG9SfHWesbKis5dmNpCQfdw+ETXGB0lITmXd/v+1hEAaQBOrEahZJngl05tbUCcAOn+/xLJEF2BfZHVnsu47BHXdVswx70ub6xbjwnlL0cHZN3Sfe21VtC4=
H30TjwzJcxC7S0twXlXHCdPSxrPDZnjp7ItjtmL4rJ3AFmUF0h9FSEJ9yc6LnZigJihHe+WQFWa03WfLD/jboKYXCzQm3Jvg0/zhFwYGp6QJdYIchZcNWicul5Kto+2hxR+Ar291WbQi
4+H1hcskwogNU2G1JfpapW0EnqYvsmIkFmdLEnfA4tJIHXmWkGH+msCRGmR72SzenMIrD+gyxR5JVJgCDgJZxKke0f0riDd4tAE=
GQ4MZhL+6uvx7e+fjVCACDAoIW1Y9MKmRDou2piXLDoLY5o+nD9zDgfc2s6oQUFK4L1GBkANorgLBRSCfN4TE5gu/UKJCCCefp7hWElCaSFbVA9ktB0=
jOonXOCp8J46AUHqv81tLW0EnqYvsmIkFmdLEnfA4tJIHXmWkGH+msCRGmR72SzenMIrD+gyxRlJVJgCDgJZxKke0f0riDd4tAE=
iDUcucDfycezlE8O10mffTAoIW1Y9MKmRDou2piXLDoLY5o+nD9zDgfc2s6oQUFK4L1GBkANorgLBRSCfN4TE5gu/UWJCCCefp7hWElCaSFbVA9ktB0=
pwp9BOCmsF22/AIxwcNHAG0EnqYvsmIkFmdLEnfA4tJIHXmWkGH+msCRGmR72SzenMIrD+gyxR9PVJgCDgJZxKke0f0riDd4tAE=
cQ4okTC3emPO6EG67Yl4FTAoIG1Y9MKmRDou2piXLDoLY5o+nD9zDgfc2s6oQUFK4L1GBkANorgLBRSCfN4TE5gu/UOPCCCefp7hWElCaSFbVA9ktB0=
S7SZQxKf+L3eb52K6UQ+2LWKvQgcJ4rdlnh8k9LzhyTvRs7phYNdXEEw/NPZXCQooaBoCGN/1ML9tBNR0FRnI3b/3Rr1mr+Ht3FfmxJHrQFjtBg=
yMEc+0w47wmFRu6mkvsnC20EnqYvsmIkFmdLEnfA4tJIHXmWkGH+msCRGmR72SzenMIrD+gyxRtPVJgCDgJZxKke0f0riDd4tAE=
YkvkfISGwmxS8jkb4lQMUzAoIW1Y9MKmRDou2piXLDoLY5o+nD9zDgfc2s6oQUFK4L1GBkANorgLBRSCfN4TE5gu/UePCCCefp7hWElCaSFbVA9ktB0=
X14VZXWZZpi2fHldJDE7otPSxrPDZnjp7ItjtmL4r53AFmUF0h9FSEJ9yc6LnZigJihHe+WQFWa03WfLD/jboKYXCzQm3Jvg0vzhFwYGp6QJdYIchZcOXicul5Kto+2hxR+Ar291WbQi
+C5ejCD/WZYyuojiQrkhXW0EnqYvsmIkFmdLEnfA4tJIHXmWkGH+msCRGmR72SzenMIrD+gyxRpLVJsCDgJZxKke0f0riDd4tAE=
d0ATYcyE5JtfkT5qpQaeTzAoIG1Y9MKmRDou2piXLDoLY5o+nD9zDgfc2s6oQUFK4L1GBkANorgLBRSCfN4TE5gu/UaLCCOefp7hWElCaSFbVA9ktB0=
IRXYTOwZY+Mt2VtECQFOXdPSxrPDZnjp7ItjtmL4rJ3AFmUF0h5FSEJ9yc6LnZigJihHe+WQFWa03WfLD/jboKYXCzQm3Jvg0vzhFwYGp6QJdYIchZcNWictl5Kto+2hxR+Ar291WbQi
lCTtO76Yi69k9t4soBiYc20EnqYvsmIkFmdLEnfA4tJIHXmWkGH+msCSGmR72SzenMIrD+gyxRdKVJsCDgJZxKke0f0riDd4tAE=
JS6dTAdvGbAvlGKcIuBEZjAoIG1Y9MKmRDou2piXLDoLY5o+nD9zDgfc2s6oQUFK4L1GBkAOorgLBRSCfN4TE5gu/UuKCCOefp7hWElCaSFbVA9ktB0=
fRowxJwlXdeGl8A7C+hXb9PSxrPDZnjp7ItjtmL4r53AFmUF0h5FSEJ9yc6LnZigJihHe+WQFWa03WfLD/jboKYXCzQm3Jvg0fzhFwYGp6QJdYIchZcJWSctl5Kto+2hxR+Ar291WbQi
8s/D/pg/5CqQ+WLd7BanX20EnqYvsmIkFmdLEnfA4tJIHXmWkGH+msCSGmR72SzenMIrD+gyxR1IVJsCDgJZxKke0f0riDd4tAE=
WBxZPZK7EadS4A4BmuAvVDAoIW1Y9MKmRDou2piXLDoLY5o+nD9zDgfc2s6oQUFK4L1GBkAOorgLBRSCfN4TE5gu/UGICCOefp7hWElCaSFbVA9ktB0=
j0uPl9lFhSdsM8jPhTCD+9PSxrPDZnjp7ItjtmL4rJ3AFmUF0hFFSEJ9yc6LnZigJihHe+WQFWa03WfLD/jboKYXCzQm3Jvg0fzhFwYGp6QJdYIchZcMXyctl5Kto+2hxR+Ar291WbQi
Aek77mpzJcE9JAiJwH9NZ20EnqYvsmIkFmdLEnfA4tJIHXmWkGH+msCTGmR72SzenMIrD+gyxRhPVJsCDgJZxKke0f0riDd4tAE=
0foWx6+QNTRLhbEiIgKtsDAoIG1Y9MKmRDou2piXLDoLY5o+nD9zDgfc2s6oQUFK4L1GBkAPorgLBRSCfN4TE5gu/USPCCOefp7hWElCaSFbVA9ktB0=
LAvqJDRyHpWy6DUztOMm6W0EnqYvsmIkFmdLEnfA4tJIHXmWkGH+msCTGmR72SzenMIrD+gyxRlPVJsCDgJZxKke0f0riDd4tAE=
Ojke06MB6AbiR2P1Ci2BIzAoIW1Y9MKmRDou2piXLDoLY5o+nD9zDgfc2s6oQUFK4L1GBkAPorgLBRSCfN4TE5gu/UWPCCOefp7hWElCaSFbVA9ktB0=
1hurPNUtkHE5jLT2dThTT9PSxrPDZnjp7ItjtmL4r53AFmUF0hFFSEJ9yc6LnZigJihHe+WQFWa03WfLD/jboKYXCzQm3Jvg0PzhFwYGp6QJdYIchZcOXictl5Kto+2hxR+Ar291WbQi
hvG/EJ/TmoPVcHdFb+HknDO0rzxLtLRVj4u78hvcd2k2amI17l5O7cCzhjGFG4xBNLj3kUdqDSlSQQkYQBpDLx+Q+vpeymx8m79NOL5NSyh+d0Po/07ErtOJukrV6DYkuRXyXLV3+1gXDOfSHQMdIVW/0O8/VUm0Mg==
cykKRtoxZxMGcJB8KN+NWNG70I+EsA6KxURPr7Y22NeMyQs5SvgaglyK23cIqlWSyNwKmm76KQzp1uHFC5AncLQJ
lVAl+u2/XDiWGbPG1w/O8zO0rzxLtLRVj4u78hvcd2k2amI17l5O7cCzhjGFG4xBNLj3kUdqDSlSQQkYQBpDLx+Q+vpeymx8m79NOL5NSyh+d0Po/07ErtOJukrV6DYkuRXyXLV3+lgXDOfSHQMdIVW/0O8/VUm0Mg==
y6nSsPtrTvzQB9h0f2cm0dG70I+EsA6KxURPr7Y22NeMyQs5SvgaglyK23cIqlWTyNwKmm76KQzp1uHFC5AncLQJ
lVAl+u2/XDiWGbPG1w/O8zO0rzxLtLRVj4u78hvcd2k2amI17l5O7cCzhjGFG4xBNLj3kUdqDSlSQQkYQBpDLx+Q+vpeymx8m79NOL5NSyh+d0Po/07ErtOJukrV6DYkuRXyXLV3+lgXDOfSHQMdIVW/0O8/VUm0Mg==
y6nSsPtrTvzQB9h0f2cm0dG70I+EsA6KxURPr7Y22NeMyQs5SvgaglyK23cIqlWTyNwKmm76KQzp1uHFC5AncLQJ
lVAl+u2/XDiWGbPG1w/O8zO0rzxLtLRVj4u78hvcd2k2amI17l5O7cCzhjGFG4xBNLj3kUdqDSlSQQkYQBpDLx+Q+vpeymx8m79NOL5NSyh+d0Po/07ErtOJukrV6DYkuRXyXLV3+lgXDOfSHQMdIVW/0O8/VUm0Mg==
y6nSsPtrTvzQB9h0f2cm0dG70I+EsA6KxURPr7Y22NeMyQs5SvgaglyK23cIqlWTyNwKmm76KQzp1uHFC5AncLQJ
LJ7MLG5CuS0ujSxUcPLUsm0EnqYvsmIkFmdLEnfA4tJIHXmWkGH+msCQGmR72SzenMIrD+gyxRxPVJoCDgJZxKke0f0riDd4tAE=
fpNVfQb6HR0x9iLpSI6P9jAoIG1Y9MKmRDou2piXLDoLY5o+nD9zDgfc2s6oQUFK4L1GBkAMorgLBRSCfN4TE5gu/UCPCCKefp7hWElCaSFbVA9ktB0=
R2Fb9ZyYyfVHqDbHXzXNpBlF9KVNPGbE/4Yq4FajA6antAp26LkRYgDVdh5AFJLQ6y1Eejxmw3s4ho3fD5DSNt52seCJOrkJO7w/fLQF
vz04dNSre+L+rZ8W4OHcRG0EnqYvsmIkFmdLEnfA4tJIHXmWkGH+msCQGmR72SzenMIrD+gyxRhPVJoCDgJZxKke0f0riDd4tAE=
Ga2YAZQNokId70zNbRzM8zAoIW1Y9MKmRDou2piXLDoLY5o+nD9zDgfc2s6oQUFK4L1GBkAMorgLBRSCfN4TE5gu/USPCCKefp7hWElCaSFbVA9ktB0=
0ONcR+8PVzvi0F41fl2dPW0EnqYvsmIkFmdLEnfA4tJIHXmWkGH+msCQGmR72SzenMIrD+gyxRpOVJoCDgJZxKke0f0riDd4tAE=
bayRxVzqsm6uxqe5N4R+h9zBEF1xrS5qGmybyGzth3JTAAwNvR1n04hGW/oiKEpNQw9yLrXc2/Pu2J/bwUfrrEhNz6tXSBNgbkdzFA4sg+DLjMk3/tbv5EHFWvwtB3Den7x/MvXTpWENz7jPB0VBtDo=
cqFhoODM3aYiHwhZ6Kz2DdzBEF1xrS5qGmybyGzth3JTAAwNvR1n04hGW/oiKEpMQw9yLrXc2/Pu2J/bwUfrrEhNz6tXSBNgbkdzFA4sg+DLjMk3/tbv5EHFWvwtB3/en7x/MvXTpWENz7jPB0VBtDo=
B7vpuP1sar49LTeuMpMJeNzBEF1xrS5qGmybyGzth3JTAAwNvR1n04hGW/oiKEpKQw9yLrXc2/Pu2J/bwUfrrEhNz6tXSBNgbkdzFA4sg+DLjMk3/tbv5EHFWvwtB3fbn7t/MvXTpWENz7jPB0VBtDo=
v1WKalwIbKSNGPAujghrRG0EnqYvsmIkFmdLEnfA4tJIHXmWkGH+msCRGmR72SzenMIrD+gyxRtLVJ0CDgJZxKke0f0riDd4tAE=
B1/WcG6TTTUxOs/Kh7hokTAoIW1Y9MKmRDou2piXLDoLY5o+nD9zDgfc2s6oQUFK4L1GBkANorgLBRSCfN4TE5gu/UeLCCWefp7hWElCaSFbVA9ktB0=
0vqWbifXW2r/Y6bQpnfpSW0EnqYvsmIkFmdLEnfA4tJIHXmWkGH+msCRGmR72SzenMIrD+gyxRdLVJ0CDgJZxKke0f0riDd4tAE=
9mvHkODhI/FdK6KrR8bHMDAoIG1Y9MKmRDou2piXLDoLY5o+nD9zDgfc2s6oQUFK4L1GBkANorgLBRSCfN4TE5gu/UuLCCWefp7hWElCaSFbVA9ktB0=
DiX1hhnJrISPOxWkqSff320EnqYvsmIkFmdLEnfA4tJIHXmWkGH+msCRGmR72SzenMIrD+gyxR9KVJ0CDgJZxKke0f0riDd4tAE=
eT4bFFFuHpjFCVEhSMp1L93BEF1xrS5qGmybyGzth3JTAAwNvR1n04hGW/oiKEpMQw9yLrXc2/Pu2J/bwUfrrEhNz6tXSBNgbkdzFA4sg+DKjMk3/tbv5EHFWvwtB3Tan7t/MvXTpWENz7jPB0VBtDo=
6qm0Xx2a/Fc8vXzYLwAyTN3BEF1xrS5qGmybyGzth3JTAAwNvR1n04hGW/oiKEpNQw9yLrXc2/Pu2J/bwUfrrEhNz6tXSBNgbkdzFA4sg+DKjMk3/tbv5EHFWvwtB3Lan7t/MvXTpWENz7jPB0VBtDo=
EdoXi8dP0aHUQABgt7r1P9/BEF1xrS5qGmybyGzth3JTAAwNvR1n04hGW/oiKEpLQw9yLrXc2/Pu2J/bwUfrrEhNz6tXSBNgbkdzFA4sg+DKjMk3/tbv5EHFWvwtB3Dan7t/MvXTpWENz7jPB0VBtDo=
37ntvrLVQ93dQgn3osPEMW0EnqYvsmIkFmdLEnfA4tJIHXmWkGH+msCSGmR72SzenMIrD+gyxR9JVJ0CDgJZxKke0f0riDd4tAE=
J2sbqAnUwDro7wY3uSzTKjAoIW1Y9MKmRDou2piXLDoLY5o+nD9zDgfc2s6oQUFK4L1GBkAOorgLBRSCfN4TE5gu/UOJCCWefp7hWElCaSFbVA9ktB0=
d1h+3DSxpS+gGupO6wBCE20EnqYvsmIkFmdLEnfA4tJIHXmWkGH+msCSGmR72SzenMIrD+gyxRtJVJ0CDgJZxKke0f0riDd4tAE=
OBy+DWI0SFT5rtktWgzcHDAoIG1Y9MKmRDou2piXLDoLY5o+nD9zDgfc2s6oQUFK4L1GBkAOorgLBRSCfN4TE5gu/UeJCCWefp7hWElCaSFbVA9ktB0=
KvQivc/uM2I02ABLZfDpeW0EnqYvsmIkFmdLEnfA4tJIHXmWkGH+msCSGmR72SzenMIrD+gyxRlJVJ0CDgJZxKke0f0riDd4tAE=
6MWCk1rJBY+v0icJn4dGgdrBEF1xrS5qGmybyGzth3JTAAwNvR1n04hGW/oiKEpMQw9yLrXc2/Pu2J/bwUfrrEhNz6tXSBNgbkdzFA4sg+DJjMk3/tbv5EHFWvwtB3/Zn7t/MvXTpWENz7jPB0VBtDo=
zvnxIC0vmBlLWC6+Gi3w99zBEF1xrS5qGmybyGzth3JTAAwNvR1n04hGW/oiKEpKQw9yLrXc2/Pu2J/bwUfrrEhNz6tXSBNgbkdzFA4sg+DJjMk3/tbv5EHFWvwtB3fYn7t/MvXTpWENz7jPB0VBtDo=
l5gQaBsBEvaXYf+qWZtFgdzBEF1xrS5qGmybyGzth3JTAAwNvR1n04hGW/oiKEpLQw9yLrXc2/Pu2J/bwUfrrEhNz6tXSBNgbkdzFA4sg+DJjMk3/tbv5EHFWvwtB3bYn7t/MvXTpWENz7jPB0VBtDo=
FtiPFX2qNkO5lhsIK7Ah420EnqYvsmIkFmdLEnfA4tJIHXmWkGH+msCTGmR72SzenMIrD+gyxRtIVJ0CDgJZxKke0f0riDd4tAE=
xFAjzU3EXJu7jNSw3KhWgjAoIG1Y9MKmRDou2piXLDoLY5o+nD9zDgfc2s6oQUFK4L1GBkAPorgLBRSCfN4TE5gu/UeICCWefp7hWElCaSFbVA9ktB0=
0y8iQgvC0QzgIctOWuUrCm0EnqYvsmIkFmdLEnfA4tJIHXmWkGH+msCTGmR72SzenMIrD+gyxRlIVJ0CDgJZxKke0f0riDd4tAE=
2bTKR/CC2/vKsJ+INba1tTAoIW1Y9MKmRDou2piXLDoLY5o+nD9zDgfc2s6oQUFK4L1GBkAPorgLBRSCfN4TE5gu/UWICCWefp7hWElCaSFbVA9ktB0=
J+4285OAYSMWwves2jxPc20EnqYvsmIkFmdLEnfA4tJIHXmWkGH+msCTGmR72SzenMIrD+gyxR5PVJ0CDgJZxKke0f0riDd4tAE=
DG/Bs8UVsmJNdTRUG150MN3BEF1xrS5qGmybyGzth3JTAAwNvR1n04hGW/oiKEpLQw9yLrXc2/Pu2J/bwUfrrEhNz6tXSBNgbkdzFA4sg+DIjMk3/tbv5EHFWvwtB3bfn7t/MvXTpWENz7jPB0VBtDo=
RWt/ngmP6rjq5oVYwqLtet3BEF1xrS5qGmybyGzth3JTAAwNvR1n04hGW/oiKEpNQw9yLrXc2/Pu2J/bwUfrrEhNz6tXSBNgbkdzFA4sg+DIjMk3/tbv5EHFWvwtB3Xfn7t/MvXTpWENz7jPB0VBtDo=
EK3d99yDW4zOhWObSsmBBt3BEF1xrS5qGmybyGzth3JTAAwNvR1n04hGW/oiKEpKQw9yLrXc2/Pu2J/bwUfrrEhNz6tXSBNgbkdzFA4sg+DIjMk3/tbv5EHFWvwtB3Pfn7t/MvXTpWENz7jPB0VBtDo=
Ex7QQLlivBUnpKqm8wRot08lLw7om9vIzK8nVEWJzbuObiOm5TYT5tWcpJXUz9Ws/gpuNU8FJXsao0D8dUyW8ZHTCfTNkLD7LWxQkF0gFrCXT6DqMRSf+QSEczuhOoGGYUrr77uRE/Omtxl5X7Qk
lwZPWGtu+4HFyIe5D54Abk8lLw7om9vIzK8nVEWJzbuObiOm5TYT5tWcpJXUz9Ws/wpuNU8FJXsao0D8dUyW8ZHTCfTNkLD7LWxQkF0gFrCXT6DqMRSf+QSEczuuOYGGYUrr77uRE/Omtxl5X7Qk
mO9YyAhsl5jFAsnxsk8sDk8lLw7om9vIzK8nVEWJzbuObiOm5TYT5tWcpJXUz9Ws+ApuNU8FJXsao0D8dUyW8ZHTCfTNkLD7LWxQkF0gFrCXT6DqMRSf+QSEczuqOIGGYUrr77uRE/Omtxl5X7Qk
pkssPKLOFjhvovuN5lsH3kwlLw7om9vGzK8nVEWJzbuObiOm5TYT5tWcpJXUz9Ws/wpuNU8FJXsao0D8dUyW8ZHTCfTNkLD7LWxQkF0gFbCXT6DqMRSf+QSEczuoOIGEYUrr77uRE/Omtxl5X7Qk
iFZO/tWJPCWuvDZAr4Azs0wlLw7om9vGzK8nVEWJzbuObiOm5TYT5tWcpJXUz9Ws+ApuNU8FJXsao0D8dUyW8ZHTCfTNkLD7LWxQkF0gFbCXT6DqMRSf+QSEczuuOIGEYUrr77uRE/Omtxl5X7Qk
aLxQNypVwb0sPIChQLv4pkwlLw7om9vGzK8nVEWJzbuObiOm5TYT5tWcpJXUz9Ws+QpuNU8FJXsao0D8dUyW8ZHTCfTNkLD7LWxQkF0gFbCXT6DqMRSf+QSEczutP4GEYUrr77uRE/Omtxl5X7Qk
GOdzFG6S7h8kG0yeA1qj7U8lLw7om9vGzK8nVEWJzbuObiOm5TYT5tWcpJXUz9Ws/gpuNU8FJXsao0D8dUyW8ZHTCfTNkLD7LWxQkF0gFLCXT6DqMRSf+QSEczuuOIGLYUrr77uRE/Omtxl5X7Qk
lw02PAIk2w+i2fm45ryXQE8lLw7om9vHzK8nVEWJzbuObiOm5TYT5tWcpJXUz9Ws+ApuNU8FJXsao0D8dUyW8ZHTCfTNkLD7LWxQkF0gFLCXT6DqMRSf+QSEczuqOoGKYUrr77uRE/Omtxl5X7Qk
S0Ege1k+mZ2YgtH97cIYv08lLw7om9vHzK8nVEWJzbuObiOm5TYT5tWcpJXUz9Ws+QpuNU8FJXsao0D8dUyW8ZHTCfTNkLD7LWxQkF0gFLCXT6DqMRSf+QSEczuhOoGKYUrr77uRE/Omtxl5X7Qk
7WurrUJIoqnHsslkryIGGEwlLw7om9vHzK8nVEWJzbuObiOm5TYT5tWcpJXUz9Ws+QpuNU8FJXsao0D8dUyW8ZHTCfTNkLD7LWxQkF0gFLCXT6DqMRSf+QSEczuhOIGKYUrr77uRE/Omtxl5X7Qk
YfMe0+2NJvuoiEu7DBSxUkwlLw7om9vHzK8nVEWJzbuObiOm5TYT5tWcpJXUz9Ws+ApuNU8FJXsao0D8dUyW8ZHTCfTNkLD7LWxQkF0gFLCXT6DqMRSf+QSEczutP4GKYUrr77uRE/Omtxl5X7Qk
2jkdnOROmnkYAPZYCa5hL0wlLw7om9vIzK8nVEWJzbuObiOm5TYT5tWcpJXUz9Ws+QpuNU8FJXsao0D8dUyW8ZHTCfTNkLD7LWxQkF0gF7CXT6DqMRSf+QSEczutOIGDYErr77uRE/Omtxl5X7Qk
LIOoAii37KqTZ7CicxtkzE8lLw7om9vHzK8nVEWJzbuObiOm5TYT5tWcpJXUz9Ws/wpuNU8FJXsao0D8dUyW8ZHTCfTNkLD7LWxQkF0gF7CXT6DqMRSf+QSEczuhPoGDYErr77uRE/Omtxl5X7Qk
LFsXD7EjWforIXMs6eBBNE8lLw7om9vHzK8nVEWJzbuObiOm5TYT5tWcpJXUz9Ws/gpuNU8FJXsao0D8dUyW8ZHTCfTNkLD7LWxQkF0gF7CXT6DqMRSf+QSEczuoO4GCYErr77uRE/Omtxl5X7Qk
1A+3Hc+neDm7na5urtpHnTO0rzxLtLRVj4u78hvcd2k2amI17l5O7cCzhjGFG4xBNLj3kUdqDSlSQQkYQBpDLx+Q+vpeymx8m79NOL5NSyh+d0Po/07ErtOJukrV6DYkuRXyXLV3+lsXDubSHQMdIVW/0O8/VUm0Mg==
A1IQZ7amwWNOpOBMhgWxgtG70I+EsA6KxURPr7Y22NeMyQs5SvgaglyK23cIqlWTy9wIm276KQzp1uHFC5AncLQJ
1A+3Hc+neDm7na5urtpHnTO0rzxLtLRVj4u78hvcd2k2amI17l5O7cCzhjGFG4xBNLj3kUdqDSlSQQkYQBpDLx+Q+vpeymx8m79NOL5NSyh+d0Po/07ErtOJukrV6DYkuRXyXLV3+lsXDubSHQMdIVW/0O8/VUm0Mg==
A1IQZ7amwWNOpOBMhgWxgtG70I+EsA6KxURPr7Y22NeMyQs5SvgaglyK23cIqlWTy9wIm276KQzp1uHFC5AncLQJ
1A+3Hc+neDm7na5urtpHnTO0rzxLtLRVj4u78hvcd2k2amI17l5O7cCzhjGFG4xBNLj3kUdqDSlSQQkYQBpDLx+Q+vpeymx8m79NOL5NSyh+d0Po/07ErtOJukrV6DYkuRXyXLV3+lsXDubSHQMdIVW/0O8/VUm0Mg==
A1IQZ7amwWNOpOBMhgWxgtG70I+EsA6KxURPr7Y22NeMyQs5SvgaglyK23cIqlWTy9wIm276KQzp1uHFC5AncLQJ
1A+3Hc+neDm7na5urtpHnTO0rzxLtLRVj4u78hvcd2k2amI17l5O7cCzhjGFG4xBNLj3kUdqDSlSQQkYQBpDLx+Q+vpeymx8m79NOL5NSyh+d0Po/07ErtOJukrV6DYkuRXyXLV3+lsXDubSHQMdIVW/0O8/VUm0Mg==
A1IQZ7amwWNOpOBMhgWxgtG70I+EsA6KxURPr7Y22NeMyQs5SvgaglyK23cIqlWTy9wIm276KQzp1uHFC5AncLQJ
Q8w9uyAv9gcc9D2Klh7D7zO0rzxLtLRVj4u78hvcd2k2amI17l5O7cCzhjGFG4xBNLj3kUdqDSlSQQkYQBpDLx+Q+vpeymx8m79NOL5NSyh+d0Po/07ErtOJukrV6DYkuRXyXLV3+VsXDubSHQMdIVW/0O8/VUm0Mg==
I+3KwDgRBbIGClm2Pp2zuNG70I+EsA6KxURPr7Y22NeMyQs5SvgaglyK23cIqlWQy9wIm276KQzp1uHFC5AncLQJ
Q8w9uyAv9gcc9D2Klh7D7zO0rzxLtLRVj4u78hvcd2k2amI17l5O7cCzhjGFG4xBNLj3kUdqDSlSQQkYQBpDLx+Q+vpeymx8m79NOL5NSyh+d0Po/07ErtOJukrV6DYkuRXyXLV3+VsXDubSHQMdIVW/0O8/VUm0Mg==
I+3KwDgRBbIGClm2Pp2zuNG70I+EsA6KxURPr7Y22NeMyQs5SvgaglyK23cIqlWQy9wIm276KQzp1uHFC5AncLQJ
3XMrSoXywzqquWYTRpt3lDO0rzxLtLRVj4u78hvcd2k2amI17l5O7cCzhjGFG4xBNLj3kUdqDSlSQQkYQBpDLx+Q+vpeymx8m79NOL5NSyh+d0Po/07ErtOJukrV6DYkuRXyXLV3+VgXDuPSHgMdIVW/0O8/VUm0Mg==
xXhygoWCvwMWxF/p6rc72NG70I+EsA6KxURPr7Y22NeMyQs5SvgaglyK23cIqlWQyNwInm75KQzp1uHFC5AncLQJ
un9NDMuA6WrgopocpvM5STO0rzxLtLRVj4u78hvcd2k2amI17l5O7cCzhjGFG4xBNLj3kUdqDSlSQQkYQBpDLx+Q+vpeymx8m79NOL5NSyh+d0Po/07ErtOJukrV6DYkuRXyXLV3+FgXDuPSHgMdIVW/0O8/VUm0Mg==
6qzLf7cBjUfCT9dbAnuPidG70I+EsA6KxURPr7Y22NeMyQs5SvgaglyK23cIqlWRyNwInm75KQzp1uHFC5AncLQJ
un9NDMuA6WrgopocpvM5STO0rzxLtLRVj4u78hvcd2k2amI17l5O7cCzhjGFG4xBNLj3kUdqDSlSQQkYQBpDLx+Q+vpeymx8m79NOL5NSyh+d0Po/07ErtOJukrV6DYkuRXyXLV3+FgXDuPSHgMdIVW/0O8/VUm0Mg==
6qzLf7cBjUfCT9dbAnuPidG70I+EsA6KxURPr7Y22NeMyQs5SvgaglyK23cIqlWRyNwInm75KQzp1uHFC5AncLQJ
p/saiFCuv5df6uwPVFS3LDO0rzxLtLRVj4u78hvcd2k2amI17l5O7cCzhjGFG4xBNLj3kUdqDSlSQQkYQBpDLx+Q+vpeymx8m79NOL5NSyh+d0Po/07ErtOJukrV6DYkuRXyXLV3+1oXDePSHgMdIVW/0O8/VUm0Mg==
b8Kl6FWpv3KKbIOtIlFFZ9G70I+EsA6KxURPr7Y22NeMyQs5SvgaglyK23cIqlWSytwLnm75KQzp1uHFC5AncLQJ
p/saiFCuv5df6uwPVFS3LDO0rzxLtLRVj4u78hvcd2k2amI17l5O7cCzhjGFG4xBNLj3kUdqDSlSQQkYQBpDLx+Q+vpeymx8m79NOL5NSyh+d0Po/07ErtOJukrV6DYkuRXyXLV3+1oXDePSHgMdIVW/0O8/VUm0Mg==
b8Kl6FWpv3KKbIOtIlFFZ9G70I+EsA6KxURPr7Y22NeMyQs5SvgaglyK23cIqlWSytwLnm75KQzp1uHFC5AncLQJ
p/saiFCuv5df6uwPVFS3LDO0rzxLtLRVj4u78hvcd2k2amI17l5O7cCzhjGFG4xBNLj3kUdqDSlSQQkYQBpDLx+Q+vpeymx8m79NOL5NSyh+d0Po/07ErtOJukrV6DYkuRXyXLV3+1oXDePSHgMdIVW/0O8/VUm0Mg==
yh/an0DKPpz9E5Ujjlvc+9G70I+EsA6KxURPr7Y22NeMyQs5SvgaglyK23cIqlWTytwLnm75KQzp1uHFC5AncLQJ
zkYkLtPm2AAShXBh6MT7dTO0rzxLtLRVj4u78hvcd2k2amI17l5O7cCzhjGFG4xBNLj3kUdqDSlSQQkYQBpDLx+Q+vpeymx8m79NOL5NSyh+d0Po/07ErtOJukrV6DYkuRXyXLV3+loXDePSHgMdIVW/0O8/VUm0Mg==
yh/an0DKPpz9E5Ujjlvc+9G70I+EsA6KxURPr7Y22NeMyQs5SvgaglyK23cIqlWTytwLnm75KQzp1uHFC5AncLQJ
zkYkLtPm2AAShXBh6MT7dTO0rzxLtLRVj4u78hvcd2k2amI17l5O7cCzhjGFG4xBNLj3kUdqDSlSQQkYQBpDLx+Q+vpeymx8m79NOL5NSyh+d0Po/07ErtOJukrV6DYkuRXyXLV3+loXDePSHgMdIVW/0O8/VUm0Mg==
yh/an0DKPpz9E5Ujjlvc+9G70I+EsA6KxURPr7Y22NeMyQs5SvgaglyK23cIqlWTytwLnm75KQzp1uHFC5AncLQJ
HX9rAGxatnuL0NAXS5+ctjO0rzxLtLRVj4u78hvcd2k2amI17l5O7cCzhjGFG4xBNLj3kUdqDSlSQQkYQBpDLx+Q+vpeymx8m79NOL5NSyh+d0Po/07ErtOJukrV6DYkuRXyXLV3+loXC+PSHgMdIVW/0O8/VUm0Mg==
UcDxq3WLqGh1llK/KavqLNG70I+EsA6KxURPr7Y22NeMyQs5SvgaglyK23cIqlWTytwNnm75KQzp1uHFC5AncLQJ
HX9rAGxatnuL0NAXS5+ctjO0rzxLtLRVj4u78hvcd2k2amI17l5O7cCzhjGFG4xBNLj3kUdqDSlSQQkYQBpDLx+Q+vpeymx8m79NOL5NSyh+d0Po/07ErtOJukrV6DYkuRXyXLV3+loXC+PSHgMdIVW/0O8/VUm0Mg==
UcDxq3WLqGh1llK/KavqLNG70I+EsA6KxURPr7Y22NeMyQs5SvgaglyK23cIqlWTytwNnm75KQzp1uHFC5AncLQJ
HpUejz4APxVEUalzIjlIVzO0rzxLtLRVj4u78hvcd2k2amI17l5O7cCzhjGFG4xBNLj3kUdqDSlSQQkYQBpDLx+Q+vpeymx8m79NOL5NSyh+d0Po/07ErtOJukrV6DYkuRXyXLV3+FoXC+PSHgMdIVW/0O8/VUm0Mg==
FePc+GEV1uq4iw8J/EgqR9G70I+EsA6KxURPr7Y22NeMyQs5SvgaglyK23cIqlWeytwNnm75KQzp1uHFC5AncLQJ
7m+n73pTrsNeJuDiKVlP1dwQhTciQTjkAUUa/O2HtNnfO7syNlPlYU1PeM/HxQG0eg==
+S2jiLYAm2aXJfpAQpbHBTT2+FW7pmre2fVRTaACL1wk9CthyLQv0x55da85uqT3TzGHC6rn5dELtHA=
fGCpIFKnzW5RP3LqXDGh84YgOMJxdxrhIlhu8h+NTGC/iXBoGUOpRpkQ5kuVqlmcJZvT8ssGtHM=
8iSbNP/r67QRF1/CaJBf1/bb7fX089A9Qyrc5bwlbQ6RxKPOeZKrncYtg2OvFiQujYqze7MXU5as5/dnV2dMgP8p8MjZI6kmWbBm69VKWXxlO1NSC2a0Ew==
zEBCfx5hnLo5OWlLd7B9rRx0ej1AYiV5Sb/HrFQfMLv9vOVSO6TFfAs/IovruQNolPzZPEsx79mT1Gghv12bORxyy38o4qUNSUR9Vk7xOXQpbnFNa1gXaLQR
ZSEZuWTz0vPQEcdgF4Ti/e3Gqw31jDM+uon+BXMQWs7wtWUvJQdpky/bDlCkP+wtk6yVAxsnDAn68zVKXpu4hRL0S6FoNI+T/nlVb1k6xDdvMWdLSmdFEWu0EA==
rggy7cAniHewah8PbrviB8i/MAxwmZ2oNBJexavzaz+nzwE7IEyqB+Ixndy7H3Uf4lW0M3sWsCPWGbyExT3mjAEPUJn7M5eCiuuhQUmXJF+rDWW0Hg==
