6DQBxSB/5AY0wupNvozngXDq0kTi+WJIfNiqnyd8KDTi695p8zoCfd26qohaVElYhL3sclDta739xwDRYr1WJJnVUtzVtxdfN09CUv7DfSF1fzBvXxVptBI=
8n/8eDLWXqUnejpvuXw70d/4242Yog+Y1FQMv6lj2N23iAxpRuYQl1yK23cIqlWXztwJn275KQzp1uHFC5AncLQJ
K0GwLxUhGZnh8ZwCqQa4fOVBxHYuxk1Af19EkWQaEjPIiA6H/EpzKCbNbpbmII92WWzW8ImaneLEvMS2i3I3CllL/GTFvCh14rBMfklCSW5bXDvbAzpaXHN1iKVkVNdJ3GSbqxa++RPM6jAfc1Fbo97XMUlHtDw=
3juXJvE6XiPJ4nqVkEtoRg+ewy7QctQXm2e4PG6j4S089FFSWkiV6tFhsyP8LnOjWH4dVY4YQUs+LQEoyfLJ0RuEL3S0DQ==
FmkrScLCvRQFzRkztZYsnw6ewy7QctQXm2e4PG6j4S089FFSWkiV6tFhsyP8LnOjWH4dVY4YQUs+LQEoyfLJ0RuEL3S0DQ==
yWSBP1HVL3nDlhi1sVVEbQ2ewy7QctQXm2e4PG6j4S089FFSWkiV6tFhsyP8LnOjWH4dVY4YQUs+LQEoyfLJ0RuEL3S0DQ==
KNOTAk57RKN7Be8Yz2RNvAyewy7QctQXm2e4PG6j4S089FFSWkiV6tFhsyP8LnOjWH4dVY4YQUs+LQEoyfLJ0RuEL3S0DQ==
f+tFRMZmxmr75ZHWcqk68guewy7QctQXm2e4PG6j4S089FFSWkiV6tFhsyP8LnOjWH4dWo4YQUs+LQEoyfLJ0RuEL3S0DQ==
OjwZT4Cg9Wfo6+CQxKD5jQqewy7QctQXm2e4PG6j4S089FFSWkiV6tFhsyP8LnOjWH4dWo4YQUs+LQEoyfLJ0RuEL3S0DQ==
kfitzcq5u42dHIfKbzJpNwmewy7QctQXm2e4PG6j4S089FFSWkiV6tFhsyP8LnOjWH4dWo4YQUs+LQEoyfLJ0RuEL3S0DQ==
WBv/WgcRXnS+abtpXQtUmQiewy7QctQXm2e4PG6j4S089FFSWkiV6tFhsyP8LnOjWH4dWo4YQUs+LQEoyfLJ0RuEL3S0DQ==
vFe+Tg8HGeIlRgn/eiPd9CoFhbdm5hhiED4MWyvL4NAOT3mBjHjJ3trEDWZhzSvPnMIrD+gyxRZOVJkHDgFZxKke0f0riDd4tAE=
PIIqGKM0khXmvEhgFClQVy0Fhbdm5hhiED4MWyvL4NAOT3mBjHjJ3trEDWZhzSvPnMIrD+gyxRZOVJkHDgFZxKke0f0riDd4tAE=
j3RFaUI71+o5Bzd8c+HpgiwFhbdm5hhiED4MWyvL4NAOT3mBjHjJ3trEDWZhzSvPnMIrD+gyxRZOVJkHDgFZxKke0f0riDd4tAE=
aHaOuKRnSRfTDyfTD8iTYS8Fhbdm5hhiED4MWyvL4NAOT3mBjHjJ3trEDWZhzSvPnMIrD+gyxRZOVJkHDgFZxKke0f0riDd4tAE=
Y96th2rx93qM+yIhyQoueikfg7d6/hliED4MWyvL4NAOT3mBjHjJ3trEDWZhzSvPnMIrD+gyxRZOVJkHDgFZxKke0f0riDd4tAE=
Ntv+6ZYB6vaGZZToNigD3ysfg7d6/hliED4MWyvL4NAOT3mBjHjJ3trEDWZhzSvPnMIrD+gyxRZOVJkHDgFZxKke0f0riDd4tAE=
HXXbz0WkMyZiyUIKg4enBSofg7d6/hliED4MWyvL4NAOT3mBjHjJ3trEDWZhzSvPnMIrD+gyxRZOVJkHDgFZxKke0f0riDd4tAE=
LrPRdedPz+6UR14lXETBoCgfg7d6/hliED4MWyvL4NAOT3mBjHjJ3trEDWZhzSvPnMIrD+gyxRZOVJkHDgFZxKke0f0riDd4tAE=
K2Y7RNkxGj0VFHrln/m85Fqx+kifPJNZyHanPHTwpCs591BZNwyE/dZyuDP8LnOjWH4dWo4YQUs+LQEoyfLJ0RuEL3S0DQ==
ewJreZmIin64at6rv4RGT1qx+kifPJNZyHKlMnTwpCs591BZNwyE/dZyuDP8LnOjWH4dWo4YQUs+LQEoyfLJ0RuEL3S0DQ==
jgE+yLT3/onDm7llOO0E5JdW/wLJQ/Agt/t9Y47JX////zl11i4dZHk0Y7FgFLdDjf7tO6BazCcH8c/7wgedIXO0CA==
l8mBAnXt3BYC8njKoUpfKVSmdOxHYiD2pCFDyIaNc+C4Nl930i6+ZLHlSjydZ6Hazx+JcuYzFeHd78gPlyVxtAo=
dekxBtKIJWHvpItxwhxwWBkg1ohvMgffWlSluprblPNCbBzL+OkHOOIV/2A0rrsHFmZiRI3tTiz5n+0ag6ct4mK76YEBpww/sz19tAY=
ieI5UQRQ3Aixbu1/4uoDqSd52xnPusrw5/v8Y1c0+diChEgtaPzTEabQvBWHOA/e1rCYQSNsBPcbyIBFbGhju+Ad7CSXlQCcgepqYpVuNt8tZjmYTUdjRhNqtBc=
zx0hK8NH4yUw1FF3IFXmX20EnqYvsmIkFmdLEnfA4tJIB3+WjHn/msCTAGJ7xTTfnMIrD+gyxRxJVJkEDgFZxKke0f0riDd4tAE=
uB3vatVN4loUU0xFS5ZLByd52hnPusrw5/v8Y1c0+diChEgtaPzTEabQvBWHOA/e1rCYQSNsBPcbyIBFbGhju+Ad7CSXlQCcge5pYpVuNt8tZjmYTUdjRhNqtBc=
LT2Z60NRj8q8Sv6ER4RkYW0EnqYvsmIkFmdLEnfA4tJIB3+WjHn/msCTAGJ7xTTfnMIrD+gyxR1JVJkEDgFZxKke0f0riDd4tAE=
Jq74gK5Kgcem6oSRU3wHMyd52RnPusrw5/v8Y1c0+diChEgtaPzTEabQvBWHOA/e1rCYQSNsBPcbyIBFbGhju+Ad7CSXlQCcge9pYpVuNt8tZjmYTUdjRhNqtBc=
lQe07MvkjfWJCKe8BzK/XW0EnqYvsmIkFmdLEnfA4tJIB3+WjHn/msCTAGJ7xTTfnMIrD+gyxRpJVJkEDgFZxKke0f0riDd4tAE=
32Q4qNdwKMdy/N/Ra79fZCd52BnPusrw5/v8Y1c0+diChEgtaPzTEabQvBWHOA/e1rCYQSNsBPcbyIBFbGhju+Ad7CSXlQCcgehpYpVuNt8tZjmYTUdjRhNqtBc=
B5xvsGqZy6SWagZg8IP801SmdOxHYiD2vidD1J6Mc+C7LFl3zja/ZLHlSjydZ6Tfzx+JcuYzFeHd78gPlyVxtAo=
OERBriVNXDopBFq+HDL8Mxkg1ohvMgffWlSluprblPNCbBzL4u8HJPoU/2A3tL0HCn5jRI3tTiz5n+gfg6ct4mK76YEBpww/sz19tAY=
6HSARK/hVCgClrYDM9J/riZ52xnPusrw5/v8Y1c0+diChEgtaPzTEabQvBWHOA/e1rCYWyVsGO8ayIBGdm5jp/gc7CSXlQCcge9vYpVuNt8tZjmYTUdjRhNqtBc=
AEWxHKWRD4MyqOuF9R73b20EnqYvsmIkFmdLEnfA4tJIHXmWkGH+msCQGmR72SzenMIrD+gyxRZPVJkEDgFZxKke0f0riDd4tAE=
9WCMPbZbqgu+ggio4BfvLSZ52hnPusrw5/v8Y1c0+diChEgtaPzTEabQvBWHOA/e1rCYWyVsGO8ayIBGdm5jp/gc7CSXlQCcgeRvYpVuNt8tZjmYTUdjRhNqtBc=
E7f5KyJ8H+K1cayGf0bXB20EnqYvsmIkFmdLEnfA4tJIHXmWkGH+msCQGmR72SzenMIrD+gyxR5OVJkEDgFZxKke0f0riDd4tAE=
SYxr8/4SIT1dh7lS3mLUqyZ52xnPusrw5/v8Y1c0+diChEgtaPzTEabQvBWHOA/e1rCYWyVsGO8ayIBGdm5jp/gc7CSXlQCcgexuYpVuNt8tZjmYTUdjRhNqtBc=
CUPlGguMD2gqL24wBCIKi20EnqYvsmIkFmdLEnfA4tJIHXmWkGH+msCQGmR72SzenMIrD+gyxR1KVJgEDgFZxKke0f0riDd4tAE=
dXLtkvTcgJ+ypFQUVUGbdTO0rzxLtLRVj4u78hvcd2k2amI17l5O7cCzhjGFG4xBNLj3kUdqDSlSQQkYQBpDLx+Q+vpeymx8m79NOL5NSyh+d0Po/07ErtOJukrV6DYkuRXyXLV391kXC+HSHgMdIVW/0O8/VUm0Mg==
DVvKiu347M+hc9GUxCOB7tG70I+EsA6KxURPr7Y22NeMyQs5SvgaglyK23cIqlWeydwNnG75KQzp1uHFC5AncLQJ
dXLtkvTcgJ+ypFQUVUGbdTO0rzxLtLRVj4u78hvcd2k2amI17l5O7cCzhjGFG4xBNLj3kUdqDSlSQQkYQBpDLx+Q+vpeymx8m79NOL5NSyh+d0Po/07ErtOJukrV6DYkuRXyXLV391kXC+HSHgMdIVW/0O8/VUm0Mg==
DVvKiu347M+hc9GUxCOB7tG70I+EsA6KxURPr7Y22NeMyQs5SvgaglyK23cIqlWeydwNnG75KQzp1uHFC5AncLQJ
dXLtkvTcgJ+ypFQUVUGbdTO0rzxLtLRVj4u78hvcd2k2amI17l5O7cCzhjGFG4xBNLj3kUdqDSlSQQkYQBpDLx+Q+vpeymx8m79NOL5NSyh+d0Po/07ErtOJukrV6DYkuRXyXLV391kXC+HSHgMdIVW/0O8/VUm0Mg==
DVvKiu347M+hc9GUxCOB7tG70I+EsA6KxURPr7Y22NeMyQs5SvgaglyK23cIqlWeydwNnG75KQzp1uHFC5AncLQJ
p8973K/Rcd1uVGw2bL/VsjO0rzxLtLRVj4u78hvcd2k2amI17l5O7cCzhjGFG4xBNLj3kUdqDSlSQQkYQBpDLx+Q+vpeymx8m79NOL5NSyh+d0Po/07ErtOJukrV6DYkuRXyXLV3/VgXC+HSHgMdIVW/0O8/VUm0Mg==
TFgqLTFMlhiFG/klI7DoAtG70I+EsA6KxURPr7Y22NeMyQs5SvgaglyK23cIqlWUyNwNnG75KQzp1uHFC5AncLQJ
p8973K/Rcd1uVGw2bL/VsjO0rzxLtLRVj4u78hvcd2k2amI17l5O7cCzhjGFG4xBNLj3kUdqDSlSQQkYQBpDLx+Q+vpeymx8m79NOL5NSyh+d0Po/07ErtOJukrV6DYkuRXyXLV3/VgXC+HSHgMdIVW/0O8/VUm0Mg==
Lum9lPta4aAS7i9BytneEdG70I+EsA6KxURPr7Y22NeMyQs5SvgaglyK23cIqlWVyNwNnG75KQzp1uHFC5AncLQJ
QFrK7IZ8KLtrJFA0g0O/lDO0rzxLtLRVj4u78hvcd2k2amI17l5O7cCzhjGFG4xBNLj3kUdqDSlSQQkYQBpDLx+Q+vpeymx8m79NOL5NSyh+d0Po/07ErtOJukrV6DYkuRXyXLV3/FgXC+HSHgMdIVW/0O8/VUm0Mg==
Lum9lPta4aAS7i9BytneEdG70I+EsA6KxURPr7Y22NeMyQs5SvgaglyK23cIqlWVyNwNnG75KQzp1uHFC5AncLQJ
lhp/qBC6dpkTR0Xitow0azO0rzxLtLRVj4u78hvcd2k2amI17l5O7cCzhjGFG4xBNLj3kUdqDSlSQQkYQBpDLx+Q+vpeymx8m79NOL5NSyh+d0Po/07ErtOJukrV6DYkuRXyXLV3+18XCuHSHgMdIVW/0O8/VUm0Mg==
fZN4PwyY8OUg639w2ZPrrdG70I+EsA6KxURPr7Y22NeMyQs5SvgaglyK23cIqlWSz9wMnG75KQzp1uHFC5AncLQJ
VFogRqjAp7MM0az9Z3j+VtwQhTciQTjkAUUa/O2Hvt/fOrkyNlPlYU1PeM/HxQG0eg==
GVv/9kuuyBs5ImhqKLAuwzT2+FW7pmre2fVRTaACL1wk9CthyLQv0xR/da47uqT3TzGHC6rn5dELtHA=
tHmJGaE7EycKlLtoMqaX+4YgOMJxdxrhIlhu8h+NTGC/iXBoGUmvRpgS5kuVqlmcJZvT8ssGtHM=
dd91LPeAnW9vLtQvuE0ne/bb7fX089A9Qyrc5bwlbQ6RxKPOeZKrncYtg2OvFiQujYqze7MXU5as5/dnV2dMgP8p8MjZKa8mWLJm69VKWXxlO1NSC2a0Ew==
7h2QD4VaVdfZEI/+s7jdZRx0ej1AYiV5Sb/HrFQfMLv9vOVSO6TFfAs/IovruQNolPzZPEsx79mT1Gghv12bORxyy38o4qUHT0R8VE7xOXQpbnFNa1gXaLQR
InBDiRU2lzJ7nPN9Ux9nWO3Gqw31jDM+uon+BXMQWs7wtWUvJQdpky/bDlCkP+wtk6yVAxsnDAn68zVKXpu4hRL0S6FoNI+T9H9Vbls6xDdvMWdLSmdFEWu0EA==
ev7Ks1w8E88N7Mr7ylHmMci/MAxwmZ2oNBJexavzaz+nzwE7IEyqB+Ixndy7H3Uf4lW0M3sWsCPWGbyExT3mjAEPWp/7MpWCiuuhQUmXJF+rDWW0Hg==
