quAJ+hzN9JPtN/mrdZEZxXDq0kTi+WJIfNiqnyd8KDTi695p8zoCfd26qohaVElYhL3sclDta739xwDRYr1WJJnVUtzVtxleN0tDUv7DfSF1fzBvXxVptBI=
qF5azt7412JFiEkJpn8QU9/4242Yog+Y1FQMv6lj2N23iAxpRuYQl1yK23cIqlWfztwNnm75KQzp1uHFC5AncLQJ
hEHGy6+80iggHeLRsSTsyOVBxHYuxk1Af19EkWQaEjPIiA6H/EpzKCbNbpbmII92WWzW8ImaneLEvMS2i3I3CllL/GTFvCh14rBMfklCSW5bXDvbAzpaXHN1iKVkVNdJ3GSbqxW7+RbN6jAfc1Fbo97XMUlHtDw=
UZLW/bGa02HHnn/IOsd2zQ+ewy7QctQXm2e4PG6j4S089FFSWkiV6tFhsyP8LnOjWH4dVosYREo+LQEoyfLJ0RuEL3S0DQ==
NdWmJ/rKszt6lkkgwltsKg6ewy7QctQXm2e4PG6j4S089FFSWkiV6tFhsyP8LnOjWH4dVosYREo+LQEoyfLJ0RuEL3S0DQ==
8FmJUJBNLgNx9uEisV8kGA2ewy7QctQXm2e4PG6j4S089FFSWkiV6tFhsyP8LnOjWH4dVosYREo+LQEoyfLJ0RuEL3S0DQ==
izkWTJTTVh4Fqam2Mkwa/gyewy7QctQXm2e4PG6j4S089FFSWkiV6tFhsyP8LnOjWH4dVosYREo+LQEoyfLJ0RuEL3S0DQ==
3oNf/jKUsT9qDKVyTRc+rQuewy7QctQXm2e4PG6j4S089FFSWkiV6tFhsyP8LnOjWH4dVosYREo+LQEoyfLJ0RuEL3S0DQ==
YClfyCNqdPL+m3Aqz7TOJQqewy7QctQXm2e4PG6j4S089FFSWkiV6tFhsyP8LnOjWH4dVosYREo+LQEoyfLJ0RuEL3S0DQ==
bVuMdpsT+PK6hxACLVDiCgmewy7QctQXm2e4PG6j4S089FFSWkiV6tFhsyP8LnOjWH4dVosYREo+LQEoyfLJ0RuEL3S0DQ==
tpz0j6u9KM0plD/f1NGCywiewy7QctQXm2e4PG6j4S089FFSWkiV6tFhsyP8LnOjWH4dVosYREo+LQEoyfLJ0RuEL3S0DQ==
SI2K0WEmoWsxsA2UFeHkxioFhbdm5hhiED4MWyvL4NAOT3mBjHjJ3trEDWZhzSvPnMIrD+gyxRpLVJwGDgFZxKke0f0riDd4tAE=
kXBiIGqOyASEtKXBdgqpUS0Fhbdm5hhiED4MWyvL4NAOT3mBjHjJ3trEDWZhzSvPnMIrD+gyxRpLVJwGDgFZxKke0f0riDd4tAE=
+skHqLpnkojJAzVgTBzuaSwFhbdm5hhiED4MWyvL4NAOT3mBjHjJ3trEDWZhzSvPnMIrD+gyxRtLVJwGDgFZxKke0f0riDd4tAE=
ZaLmo0+RDcpg/Hz/pWNXIC8Fhbdm5hhiED4MWyvL4NAOT3mBjHjJ3trEDWZhzSvPnMIrD+gyxRtLVJwGDgFZxKke0f0riDd4tAE=
yD5HS8m+rHsFvi8zE8A4eSkfg7d6/hliED4MWyvL4NAOT3mBjHjJ3trEDWZhzSvPnMIrD+gyxRtLVJwGDgFZxKke0f0riDd4tAE=
drpE9/RR/vdb7BCY5zHGUisfg7d6/hliED4MWyvL4NAOT3mBjHjJ3trEDWZhzSvPnMIrD+gyxRtLVJwGDgFZxKke0f0riDd4tAE=
QPz1qATpPsbwoAiykIYlzSofg7d6/hliED4MWyvL4NAOT3mBjHjJ3trEDWZhzSvPnMIrD+gyxRtLVJwGDgFZxKke0f0riDd4tAE=
VEh+GUwg3xjtRfYsV7cbRigfg7d6/hliED4MWyvL4NAOT3mBjHjJ3trEDWZhzSvPnMIrD+gyxRtLVJwGDgFZxKke0f0riDd4tAE=
B/0b+XDXrPFpl46NRTYv+Fqx+kifPJNZyHanPHTwpCs591BZNwyE/dZyuDP8LnOjWH4dV4sYREo+LQEoyfLJ0RuEL3S0DQ==
MrFnAOyy0sJcWSxXNJRCWlqx+kifPJNZyHKlMnTwpCs591BZNwyE/dZyuDP8LnOjWH4dV4sYREo+LQEoyfLJ0RuEL3S0DQ==
qnti3bweOreE+DNYJy5AcpdW/wLJQ/Agt/t9Y47JX////zl11i4dZHk0Y7FgFLdDgPvtPqFazCcH8c/7wgedIXO0CA==
Q7ObAhDKMlNMMWwf14GWAy0fg7d6/hliED4MWyvL4NAOT3mBjHjJ3trEDWZhzSvPnMIrD+gyxRlOVJEGDgFZxKke0f0riDd4tAE=
iqRfjMr7vd7saK+RBw5NGW3JlUViWtayizUMB8odVLff5q52xXOyGwBtqelsUPnG2tw9XY6h4ffcOnunSFo1gc7M4e6uqYm8aSaBFUugB2C0GQ==
vRwEGbUKUB7zO7xoxkfwWywfg7d6/hliED4MWyvL4NAOT3mBjHjJ3trEDWZhzSvPnMIrD+gyxR5LVJAGDgFZxKke0f0riDd4tAE=
Fv/nQEngI+dSU60u3QPGWG3JlUViWtayizUMB8odVLff5652xXOyGwBtqelsUPnG2tw9XY6h4ffcOnunSFo1hsvM4O6uqYm8aSaBFUugB2C0GQ==
Q01ObZbS0LPpQ5NTzCrSwbyz5pxai8JtFnQv2kR/hEMCGeQ8mKJ+k3dEHaa1m9ZPXCEgNBsWJ/WH1cMmk3c+Fljh62mF8v93WEZZOdQ9X6i/70zA9hYMaO8xkAApnSqOhGhG4+WymRT1o7Mae160Ow==
JZLt3pihMNGF8C8FZI2I7byz5pxai8JtFnQv2kR/hEMCGeQ8mKJ+k3dEHaa1m9ZPXCEgNBsWJ/WH1cMmk3c+Fljh62mF8v93WEZZOdQ5Vr+470zA9hYMaO8xkAApnSmOhGhG4+WymRT1o7Mae160Ow==
0AU53yfuRSPHokIiYEnjRtjmHVsP/Tf2VIJKPKiJC43KxdxbIQIN4PirycNFEyum1jp617Dd+229Hh9DEBrp3Uyx3zwXE5yEjjosnOct4CTxVeja7NTWZ13e+aA9f4N+Y1K0Lw==
e1RX+w3MR5uZInJbjb74i9jmHVsP/Tf2VIJKPKiJC43KxdxbIQIN4PirycNFEyum1jp617Dd+229Hh9DEBrp3Uy11isQE5yEjjosnOct4CTxUe/a7NTWZ13e+aA9f4N+Y1K0Lw==
xHafauoG3QyrcDAaDcY4VwS4c/lcaFLo9idUyIe7N/rvO0ps1jy/ZLHlSjydZ6LfzxaLcuYzFeHd78gPlyVxtAo=
bfRDL+2Zv2Fx4UHzP0bIsQW4c/lcaFLo9idUyIe7N/rvO0ps1jy/ZLHlSjydZ6/fzxaLcuYzFeHd78gPlyVxtAo=
sIQ6ktEUusjXElB+jHSpDNjmHVsP/Tf2VIJKPKiJC43OxdxbIQIN4PirycNFEyum1jp617DZ+229Hh9DEBrp3Uy11isQE5yEjjosnOct4CTxXe/a7NTWZ13e+aA9f4N+Y1K0Lw==
S+DMayrOw6V7m66pAI+qGdjmHVsP/Tf2VYJKPKiJC43NxdxbIQIN4PirycNFEium1jp617DY+229Hh9DEBrp3Uy11isQE5yEjjosnOct4CTxVO7a7NTWZ13e+aA9f4N+Y1K0Lw==
Bm5Dxu6AzZWijIx5flCnetjmHVsP/Tf2VIJKPKiJC43OxdxbIQIN4PirycNFEyum1jp617DZ+229Hh9DEBrp3Uyx3zwXE5yEjjosnOct4CTxXO7a7NTWZ13e+aA9f4N+Y1K0Lw==
ByVKcwKDIjd77ipWL8itr9jmHVsP/Tf2VYJKPKiJC43NxdxbIQIN4PirycNFEium1jp617DY+229Hh9DEBrp3Uyx3zwXE5yEjjosnOct4CTxXOva5dXWZ13e+aA9f4N+Y1K0Lw==
ob1lCkezvvgOesbd91HrNtjmHVsP/Tf2VIJKPKiJC43MxdxbIQIN4PirycNFEyum1jp617Db+229Hh9DEBrp3Uy11isQE5yEjjosnOct4CTxV+ra5dXWZ13e+aA9f4N+Y1K0Lw==
vkr+bgaatsUK+EF7CevmjdjmHVsP/Tf2VIJKPKiJC43MxdxbIQIN4PirycNFEyum1jp617Db+229Hh9DEBrp3Uyx3zwXE5yEjjosnOct4CTxVOna5dXWZ13e+aA9f4N+Y1K0Lw==
icBzZksM5xGzN3avlIyKtTO0rzxLtLRVj4u78hvcd2k2amI17l5O7cCzhjGFG4xBNLj3kUdqDSlSQQkYQBpDLx+Q+vpeymx8m79NOL5NSyh+d0Po/07ErtOJukrV6DYkuRXyXLV3/lkXD+LSHgMdIVW/0O8/VUm0Mg==
lPp2fJgt4LY/l6NqgHA7mNG70I+EsA6KxURPr7Y22NeMyQs5SvgaglyK23cIqlWUydwJn275KQzp1uHFC5AncLQJ
6BXsaqv8wToOyUUmXybLBTO0rzxLtLRVj4u78hvcd2k2amI17l5O7cCzhjGFG4xBNLj3kUdqDSlSQQkYQBpDLx+Q+vpeymx8m79NOL5NSyh+d0Po/07ErtOJukrV6DYkuRXyXLV3/VkXD+LSHgMdIVW/0O8/VUm0Mg==
lPp2fJgt4LY/l6NqgHA7mNG70I+EsA6KxURPr7Y22NeMyQs5SvgaglyK23cIqlWUydwJn275KQzp1uHFC5AncLQJ
6BXsaqv8wToOyUUmXybLBTO0rzxLtLRVj4u78hvcd2k2amI17l5O7cCzhjGFG4xBNLj3kUdqDSlSQQkYQBpDLx+Q+vpeymx8m79NOL5NSyh+d0Po/07ErtOJukrV6DYkuRXyXLV3/VkXD+LSHgMdIVW/0O8/VUm0Mg==
lPp2fJgt4LY/l6NqgHA7mNG70I+EsA6KxURPr7Y22NeMyQs5SvgaglyK23cIqlWUydwJn275KQzp1uHFC5AncLQJ
6BXsaqv8wToOyUUmXybLBTO0rzxLtLRVj4u78hvcd2k2amI17l5O7cCzhjGFG4xBNLj3kUdqDSlSQQkYQBpDLx+Q+vpeymx8m79NOL5NSyh+d0Po/07ErtOJukrV6DYkuRXyXLV3/VkXD+LSHgMdIVW/0O8/VUm0Mg==
lPp2fJgt4LY/l6NqgHA7mNG70I+EsA6KxURPr7Y22NeMyQs5SvgaglyK23cIqlWUydwJn275KQzp1uHFC5AncLQJ
6BXsaqv8wToOyUUmXybLBTO0rzxLtLRVj4u78hvcd2k2amI17l5O7cCzhjGFG4xBNLj3kUdqDSlSQQkYQBpDLx+Q+vpeymx8m79NOL5NSyh+d0Po/07ErtOJukrV6DYkuRXyXLV3/VkXD+LSHgMdIVW/0O8/VUm0Mg==
lPp2fJgt4LY/l6NqgHA7mNG70I+EsA6KxURPr7Y22NeMyQs5SvgaglyK23cIqlWUydwJn275KQzp1uHFC5AncLQJ
z0mS6/O1z4j0hFqQkyEEOzO0rzxLtLRVj4u78hvcd2k2amI17l5O7cCzhjGFG4xBNLj3kUdqDSlSQQkYQBpDLx+Q+vpeymx8m79NOL5NSyh+d0Po/07ErtOJukrV6DYkuRXyXLV3+l8XD+LSHgMdIVW/0O8/VUm0Mg==
ji1fBPtPb/rO+lK00DRNwdG70I+EsA6KxURPr7Y22NeMyQs5SvgaglyK23cIqlWTz9wJn275KQzp1uHFC5AncLQJ
OY8UyNmTmLvZk7VtRqKvfNwQhTciQTjkAUUa/O2Htt7fP7oyNlPlYU1PeM/HxQG0eg==
KhRSJT+3jTc09gnNgyhgzjT2+FW7pmre2fVRTaACL1wk9CthyLQv0xx+das4uqT3TzGHC6rn5dELtHA=
HkTmFCriB6ZXLgIZev93+IYgOMJxdxrhIlhu8h+NTGC/iXBoGUGuRp0R5kuVqlmcJZvT8ssGtHM=
++40cE35vVWgCqhC29eMM/bb7fX089A9Qyrc5bwlbQ6RxKPOeZKrncYtg2OvFiQujYqze7MXU5as5/dnV2dMgP8p8MjZIa4mXbFm69VKWXxlO1NSC2a0Ew==
EVmJrSK/kTWe0ojemH8xbRx0ej1AYiV5Sb/HrFQfMLv9vOVSO6TFfAs/IovruQNolPzZPEsx79mT1Gghv12bORxyy38o4qUPTkR5V07xOXQpbnFNa1gXaLQR
xRag9Jfem4LcyvnnRkqwxe3Gqw31jDM+uon+BXMQWs7wtWUvJQdpky/bDlCkP+wtk6yVAxsnDAn68zVKXpu4hRL0S6FoNI+T/H5Va1g6xDdvMWdLSmdFEWu0EA==
J9biw2x9DMUscNrfjCYTpci/MAxwmZ2oNBJexavzaz+nzwE7IEyqB+Ixndy7H3Uf4lW0M3sWsCPWGbyExT3mjAEPUp77N5aCiuuhQUmXJF+rDWW0Hg==
