vJt8L3xcdYA1S6pv5X2dknDq0kTi+WJIfNiqnyd8KDTi695p8zoCfd26qohaVElYhL3sclDta739xwDRYr1WJJnVUtzVtxxeN0pBUv7DfSF1fzBvXxVptBI=
wKlIohKUJlj9vV2zw0HXLd/4242Yog+Y1FQMv6lj2N23iAxpRuYQl1yK23cIqlWTztwMnG75KQzp1uHFC5AncLQJ
RkiXqN1IvlH9sBgwFgP4lOVBxHYuxk1Af19EkWQaEjPIiA6H/EpzKCbNbpbmII92WWzW8ImaneLEvMS2i3I3CllL/GTFvCh14rBMfklCSW5bXDvbAzpaXHN1iKVkVNdJ3GSbqxC6+RvP6jAfc1Fbo97XMUlHtDw=
cDgt+Mikph3KgYolwGxJIQ+ewy7QctQXm2e4PG6j4S089FFSWkiV6tFhsyP8LnOjWH4dU4oYSUg+LQEoyfLJ0RuEL3S0DQ==
M690A7qW8AuXkVmG2EQVBw6ewy7QctQXm2e4PG6j4S089FFSWkiV6tFhsyP8LnOjWH4dU4oYSUg+LQEoyfLJ0RuEL3S0DQ==
lj9NRjuz3Va1RMk7T1/dQg2ewy7QctQXm2e4PG6j4S089FFSWkiV6tFhsyP8LnOjWH4dU4oYSUg+LQEoyfLJ0RuEL3S0DQ==
xym2O90OAegY+6Z2AONdYQyewy7QctQXm2e4PG6j4S089FFSWkiV6tFhsyP8LnOjWH4dU4oYSUg+LQEoyfLJ0RuEL3S0DQ==
YNUtqRCLfDwHGE4D6rGnTQuewy7QctQXm2e4PG6j4S089FFSWkiV6tFhsyP8LnOjWH4dU4oYSUg+LQEoyfLJ0RuEL3S0DQ==
oo/Z173fyFEdgDm8OUI0Fwqewy7QctQXm2e4PG6j4S089FFSWkiV6tFhsyP8LnOjWH4dU4oYSUg+LQEoyfLJ0RuEL3S0DQ==
oKtPhU9en5IfViagtFoHGgmewy7QctQXm2e4PG6j4S089FFSWkiV6tFhsyP8LnOjWH4dU4oYSUg+LQEoyfLJ0RuEL3S0DQ==
akHva4+Wn+O0791bl9/LeAiewy7QctQXm2e4PG6j4S089FFSWkiV6tFhsyP8LnOjWH4dU4oYSUg+LQEoyfLJ0RuEL3S0DQ==
oQoZOH9Z7wAGu4aIE/Fs0yoFhbdm5hhiED4MWyvL4NAOT3mBjHjJ3trEDWZhzSvPnMIrD+gyxR9KVJEEDgFZxKke0f0riDd4tAE=
QnwoQZjrThO9hrxRzZgA+i0Fhbdm5hhiED4MWyvL4NAOT3mBjHjJ3trEDWZhzSvPnMIrD+gyxR9KVJEEDgFZxKke0f0riDd4tAE=
bgl0AkHUUIvxiDN+Y6ommSwFhbdm5hhiED4MWyvL4NAOT3mBjHjJ3trEDWZhzSvPnMIrD+gyxR9KVJEEDgFZxKke0f0riDd4tAE=
RnxydoWoX2hFOPTFDqUtkS8Fhbdm5hhiED4MWyvL4NAOT3mBjHjJ3trEDWZhzSvPnMIrD+gyxR9KVJEEDgFZxKke0f0riDd4tAE=
ADpP10HgBjSLIhOBzLxrWCkfg7d6/hliED4MWyvL4NAOT3mBjHjJ3trEDWZhzSvPnMIrD+gyxR9KVJEEDgFZxKke0f0riDd4tAE=
l/oOq6oWtKCUJfGJFtJfnCsfg7d6/hliED4MWyvL4NAOT3mBjHjJ3trEDWZhzSvPnMIrD+gyxR9KVJEEDgFZxKke0f0riDd4tAE=
ZV5HGMIDf0x2UHiFDhwqWiofg7d6/hliED4MWyvL4NAOT3mBjHjJ3trEDWZhzSvPnMIrD+gyxR9KVJEEDgFZxKke0f0riDd4tAE=
xLgFnuZFcCgCSHc7wiOngygfg7d6/hliED4MWyvL4NAOT3mBjHjJ3trEDWZhzSvPnMIrD+gyxR9KVJEEDgFZxKke0f0riDd4tAE=
vZPTwZhGTUmRun3hb7j3cFqx+kifPJNZyHanPHTwpCs591BZNwyE/dZyuDP8LnOjWH4dU4oYSUg+LQEoyfLJ0RuEL3S0DQ==
tDdBD6E1K6i2Hiu3pbZD81qx+kifPJNZyHKlMnTwpCs591BZNwyE/dZyuDP8LnOjWH4dU4oYSUg+LQEoyfLJ0RuEL3S0DQ==
VxWkVgzGESiZseLF5k284ZdW/wLJQ/Agt/t9Y47JX////zl11i4dZHk0Y7FgFLdDhPrtM6NazCcH8c/7wgedIXO0CA==
L9qjbO7Z3OAR3oiirLT2utjmHVsP/Tf2VIJKPKiJC43MxdxbIQIN4PirycNFEyum1jp617Db+229Hh9DEBrp3Uy11isQE5yEjjosnOct4CTxXera7NbWZ13e+aA9f4N+Y1K0Lw==
VYDOkDoQMVX30o92iyrO69jmHVsP/Tf2VYJKPKiJC43NxdxbIQIN4PirycNFEium1jp617DY+229Hh9DEBrp3Uy11isQE5yEjjosnOct4CTxVOna7NbWZ13e+aA9f4N+Y1K0Lw==
Vk2oaJYUMGbV0W6ve6Ck+tjmHVsP/Tf2VIJKPKiJC43OxdxbIQIN4PirycNFEyum1jp617DZ+229Hh9DEBrp3Uy11isQE5yEjjosnOct4CTxVena7NbWZ13e+aA9f4N+Y1K0Lw==
qDva/1OHfANZ/meRDkEg3djmHVsP/Tf2VIJKPKiJC43OxdxbIQIN4PirycNFEyum1jp617DZ+229Hh9DEBrp3Uyx3zwXE5yEjjosnOct4CTxU+na7NbWZ13e+aA9f4N+Y1K0Lw==
EyzUOTJpYqdPSkR64JKO/tjmHVsP/Tf2VYJKPKiJC43NxdxbIQIN4PirycNFEium1jp617DY+229Hh9DEBrp3Uyx3zwXE5yEjjosnOct4CTxVuja7NbWZ13e+aA9f4N+Y1K0Lw==
Anz7Iddz+cvuYqrnCt0G89jmHVsP/Tf2VIJKPKiJC43MxdxbIQIN4PirycNFEyum1jp617Db+229Hh9DEBrp3Uyx3zwXE5yEjjosnOct4CTxU+ja7NbWZ13e+aA9f4N+Y1K0Lw==
DTQzrY4thlNEqlZ/VN9alzO0rzxLtLRVj4u78hvcd2k2amI17l5O7cCzhjGFG4xBNLj3kUdqDSlSQQkYQBpDLx+Q+vpeymx8m79NOL5NSyh+d0Po/07ErtOJukrV6DYkuRXyXLV391gXBuHSHgMdIVW/0O8/VUm0Mg==
oRTHVv3VdDP0hEokx3W1YdG70I+EsA6KxURPr7Y22NeMyQs5SvgaglyK23cIqlWeyNwAnG75KQzp1uHFC5AncLQJ
rIBlCLq1gMZjnGcIudxPtTO0rzxLtLRVj4u78hvcd2k2amI17l5O7cCzhjGFG4xBNLj3kUdqDSlSQQkYQBpDLx+Q+vpeymx8m79NOL5NSyh+d0Po/07ErtOJukrV6DYkuRXyXLV39lgXBuHSHgMdIVW/0O8/VUm0Mg==
yfCtOV7mxf2oJw1zXQHpntG70I+EsA6KxURPr7Y22NeMyQs5SvgaglyK23cIqlWfyNwAnG75KQzp1uHFC5AncLQJ
rIBlCLq1gMZjnGcIudxPtTO0rzxLtLRVj4u78hvcd2k2amI17l5O7cCzhjGFG4xBNLj3kUdqDSlSQQkYQBpDLx+Q+vpeymx8m79NOL5NSyh+d0Po/07ErtOJukrV6DYkuRXyXLV39lgXBuHSHgMdIVW/0O8/VUm0Mg==
yfCtOV7mxf2oJw1zXQHpntG70I+EsA6KxURPr7Y22NeMyQs5SvgaglyK23cIqlWfyNwAnG75KQzp1uHFC5AncLQJ
rIBlCLq1gMZjnGcIudxPtTO0rzxLtLRVj4u78hvcd2k2amI17l5O7cCzhjGFG4xBNLj3kUdqDSlSQQkYQBpDLx+Q+vpeymx8m79NOL5NSyh+d0Po/07ErtOJukrV6DYkuRXyXLV39lgXBuHSHgMdIVW/0O8/VUm0Mg==
yfCtOV7mxf2oJw1zXQHpntG70I+EsA6KxURPr7Y22NeMyQs5SvgaglyK23cIqlWfyNwAnG75KQzp1uHFC5AncLQJ
rIBlCLq1gMZjnGcIudxPtTO0rzxLtLRVj4u78hvcd2k2amI17l5O7cCzhjGFG4xBNLj3kUdqDSlSQQkYQBpDLx+Q+vpeymx8m79NOL5NSyh+d0Po/07ErtOJukrV6DYkuRXyXLV39lgXBuHSHgMdIVW/0O8/VUm0Mg==
yfCtOV7mxf2oJw1zXQHpntG70I+EsA6KxURPr7Y22NeMyQs5SvgaglyK23cIqlWfyNwAnG75KQzp1uHFC5AncLQJ
rIBlCLq1gMZjnGcIudxPtTO0rzxLtLRVj4u78hvcd2k2amI17l5O7cCzhjGFG4xBNLj3kUdqDSlSQQkYQBpDLx+Q+vpeymx8m79NOL5NSyh+d0Po/07ErtOJukrV6DYkuRXyXLV39lgXBuHSHgMdIVW/0O8/VUm0Mg==
yfCtOV7mxf2oJw1zXQHpntG70I+EsA6KxURPr7Y22NeMyQs5SvgaglyK23cIqlWfyNwAnG75KQzp1uHFC5AncLQJ
rIBlCLq1gMZjnGcIudxPtTO0rzxLtLRVj4u78hvcd2k2amI17l5O7cCzhjGFG4xBNLj3kUdqDSlSQQkYQBpDLx+Q+vpeymx8m79NOL5NSyh+d0Po/07ErtOJukrV6DYkuRXyXLV39lgXBuHSHgMdIVW/0O8/VUm0Mg==
yfCtOV7mxf2oJw1zXQHpntG70I+EsA6KxURPr7Y22NeMyQs5SvgaglyK23cIqlWfyNwAnG75KQzp1uHFC5AncLQJ
T7ayk078SatBr2DumIPBxTO0rzxLtLRVj4u78hvcd2k2amI17l5O7cCzhjGFG4xBNLj3kUdqDSlSQQkYQBpDLx+Q+vpeymx8m79NOL5NSyh+d0Po/07ErtOJukrV6DYkuRXyXLV3/18XBuHSHgMdIVW/0O8/VUm0Mg==
z2EOObRL1Y04an0o9XdUw9G70I+EsA6KxURPr7Y22NeMyQs5SvgaglyK23cIqlWWz9wAnG75KQzp1uHFC5AncLQJ
vlU7mFaXNnOeJ9CBBcFcdlSmdOxHYiD2vidD1J6Mc+C6LFl3zja/ZLHlSjydZ6Lbzx6IcuYzFeHd78gPlyVxtAo=
97XghMJlWufyBxS5a6gIpRkg1ohvMgffWlSluprblPNCbBzL4u8HJPoU/2A2tL0HCn5jRI3tTiz5n+4bg6Ys4mK76YEBpww/sz19tAY=
aMHD/UyH9A43aH/oArt9+SZ52xnPusrw5/v8Y1c0+diChEgtaPzTEabQvBWHOA/e1rCYWyVsGO8ayIBHdm5jp/gc7CSXlQCcgelrYpRvNt8tZjmYTUdjRhNqtBc=
BJFHXonPpvOlMiABhwf719jmHVsP/Tf2VIJKPKiJC43MxdxbIQIN4PirycNFEyum1jp617Db+229Hh9DEBrp3Uy11isQE5yEjjosnOct4CTxXe7a4NfWZ13e+aA9f4N+Y1K0Lw==
vFPkfqopeo8VN+UCiVYn29jmHVsP/Tf2VYJKPKiJC43NxdxbIQIN4PirycNFEium1jp617DY+229Hh9DEBrp3Uy11isQE5yEjjosnOct4CTxVOva49fWZ13e+aA9f4N+Y1K0Lw==
GAQt0Ak79EtdAZoKWHZCxNjmHVsP/Tf2VIJKPKiJC43OxdxbIQIN4PirycNFEyum1jp617DZ+229Hh9DEBrp3Uy11isQE5yEjjosnOct4CTxVOva49fWZ13e+aA9f4N+Y1K0Lw==
c9Rdh3Otg97Q9PW9upKqVNjmHVsP/Tf2VIJKPKiJC43OxdxbIQIN4PirycNFEyum1jp617DZ+229Hh9DEBrp3Uyx3zwXE5yEjjosnOct4CTxVOra49fWZ13e+aA9f4N+Y1K0Lw==
HLqcwYDMeUbaP6WGpnsDcNjmHVsP/Tf2VYJKPKiJC43NxdxbIQIN4PirycNFEium1jp617DY+229Hh9DEBrp3Uyx3zwXE5yEjjosnOct4CTxUura49fWZ13e+aA9f4N+Y1K0Lw==
qi+WTBpdwSY84e0EWjDDF9jmHVsP/Tf2VIJKPKiJC43MxdxbIQIN4PirycNFEyum1jp617Db+229Hh9DEBrp3Uyx3zwXE5yEjjosnOct4CTxVuna49fWZ13e+aA9f4N+Y1K0Lw==
eM3AXBRcC0Tf7R7G5BgorjO0rzxLtLRVj4u78hvcd2k2amI17l5O7cCzhjGFG4xBNLj3kUdqDSlSQQkYQBpDLx+Q+vpeymx8m79NOL5NSyh+d0Po/07ErtOJukrV6DYkuRXyXLV3/FkXCeDSHgMdIVW/0O8/VUm0Mg==
PMTXjb1t3xrU1I9KqnhZ19G70I+EsA6KxURPr7Y22NeMyQs5SvgaglyK23cIqlWVydwPnW75KQzp1uHFC5AncLQJ
MM1jG/3J/nIn8TCUkPZ5CjO0rzxLtLRVj4u78hvcd2k2amI17l5O7cCzhjGFG4xBNLj3kUdqDSlSQQkYQBpDLx+Q+vpeymx8m79NOL5NSyh+d0Po/07ErtOJukrV6DYkuRXyXLV3+1kXCeDSHgMdIVW/0O8/VUm0Mg==
NBk4Ma0V+RbgdGo5gwBystG70I+EsA6KxURPr7Y22NeMyQs5SvgaglyK23cIqlWSydwPnW75KQzp1uHFC5AncLQJ
MM1jG/3J/nIn8TCUkPZ5CjO0rzxLtLRVj4u78hvcd2k2amI17l5O7cCzhjGFG4xBNLj3kUdqDSlSQQkYQBpDLx+Q+vpeymx8m79NOL5NSyh+d0Po/07ErtOJukrV6DYkuRXyXLV3+1kXCeDSHgMdIVW/0O8/VUm0Mg==
NBk4Ma0V+RbgdGo5gwBystG70I+EsA6KxURPr7Y22NeMyQs5SvgaglyK23cIqlWSydwPnW75KQzp1uHFC5AncLQJ
4Hu1jgcwXkyZy0XTND4yDDO0rzxLtLRVj4u78hvcd2k2amI17l5O7cCzhjGFG4xBNLj3kUdqDSlSQQkYQBpDLx+Q+vpeymx8m79NOL5NSyh+d0Po/07ErtOJukrV6DYkuRXyXLV3918XD+fSHgMdIVW/0O8/VUm0Mg==
iKjFkhAlxlsd/JjlYL1LH9G70I+EsA6KxURPr7Y22NeMyQs5SvgaglyK23cIqlWez9wJmm75KQzp1uHFC5AncLQJ
zpjucK9TftR6QRae2OFlgTO0rzxLtLRVj4u78hvcd2k2amI17l5O7cCzhjGFG4xBNLj3kUdqDSlSQQkYQBpDLx+Q+vpeymx8m79NOL5NSyh+d0Po/07ErtOJukrV6DYkuRXyXLV39l8XD+fSHgMdIVW/0O8/VUm0Mg==
zT1J+SY1gZu9h/s8w5p3ItG70I+EsA6KxURPr7Y22NeMyQs5SvgaglyK23cIqlWfz9wJmm75KQzp1uHFC5AncLQJ
zpjucK9TftR6QRae2OFlgTO0rzxLtLRVj4u78hvcd2k2amI17l5O7cCzhjGFG4xBNLj3kUdqDSlSQQkYQBpDLx+Q+vpeymx8m79NOL5NSyh+d0Po/07ErtOJukrV6DYkuRXyXLV39l8XD+fSHgMdIVW/0O8/VUm0Mg==
zT1J+SY1gZu9h/s8w5p3ItG70I+EsA6KxURPr7Y22NeMyQs5SvgaglyK23cIqlWfz9wJmm75KQzp1uHFC5AncLQJ
zpjucK9TftR6QRae2OFlgTO0rzxLtLRVj4u78hvcd2k2amI17l5O7cCzhjGFG4xBNLj3kUdqDSlSQQkYQBpDLx+Q+vpeymx8m79NOL5NSyh+d0Po/07ErtOJukrV6DYkuRXyXLV39l8XD+fSHgMdIVW/0O8/VUm0Mg==
zT1J+SY1gZu9h/s8w5p3ItG70I+EsA6KxURPr7Y22NeMyQs5SvgaglyK23cIqlWfz9wJmm75KQzp1uHFC5AncLQJ
zpjucK9TftR6QRae2OFlgTO0rzxLtLRVj4u78hvcd2k2amI17l5O7cCzhjGFG4xBNLj3kUdqDSlSQQkYQBpDLx+Q+vpeymx8m79NOL5NSyh+d0Po/07ErtOJukrV6DYkuRXyXLV39l8XD+fSHgMdIVW/0O8/VUm0Mg==
zT1J+SY1gZu9h/s8w5p3ItG70I+EsA6KxURPr7Y22NeMyQs5SvgaglyK23cIqlWfz9wJmm75KQzp1uHFC5AncLQJ
zpjucK9TftR6QRae2OFlgTO0rzxLtLRVj4u78hvcd2k2amI17l5O7cCzhjGFG4xBNLj3kUdqDSlSQQkYQBpDLx+Q+vpeymx8m79NOL5NSyh+d0Po/07ErtOJukrV6DYkuRXyXLV39l8XD+fSHgMdIVW/0O8/VUm0Mg==
zT1J+SY1gZu9h/s8w5p3ItG70I+EsA6KxURPr7Y22NeMyQs5SvgaglyK23cIqlWfz9wJmm75KQzp1uHFC5AncLQJ
ep102EeB0HdJnaQ6s7uR0jO0rzxLtLRVj4u78hvcd2k2amI17l5O7cCzhjGFG4xBNLj3kUdqDSlSQQkYQBpDLx+Q+vpeymx8m79NOL5NSyh+d0Po/07ErtOJukrV6DYkuRXyXLV3/l4XD+fSHgMdIVW/0O8/VUm0Mg==
E8ZY7akHVZ0CtHr6etPig9G70I+EsA6KxURPr7Y22NeMyQs5SvgaglyK23cIqlWXztwJmm75KQzp1uHFC5AncLQJ
7s0mGCQm5nqumJggB12g2NwQhTciQTjkAUUa/O2HsN7fP78yNlPlYU1PeM/HxQG0eg==
pYoREInWpJ+TT45EA7yXWjT2+FW7pmre2fVRTaACL1wk9CthyLQv0xp+das9uqT3TzGHC6rn5dELtHA=
5A5QD1UvXne8gQ81Jwuec4YgOMJxdxrhIlhu8h+NTGC/iXBoGUeuRp0U5kuVqlmcJZvT8ssGtHM=
6aDMlOeQf97g04/X+gDmVvbb7fX089A9Qyrc5bwlbQ6RxKPOeZKrncYtg2OvFiQujYqze7MXU5as5/dnV2dMgP8p8MjZJ64mXbRm69VKWXxlO1NSC2a0Ew==
lyDUht0n04H8zHhTRS7vqBx0ej1AYiV5Sb/HrFQfMLv9vOVSO6TFfAs/IovruQNolPzZPEsx79mT1Gghv12bORxyy38o4qUJTkR5Uk7xOXQpbnFNa1gXaLQR
vXV3P42BsShQV6Jc6zCTae3Gqw31jDM+uon+BXMQWs7wtWUvJQdpky/bDlCkP+wtk6yVAxsnDAn68zVKXpu4hRL0S6FoNI+T+n5Va106xDdvMWdLSmdFEWu0EA==
uni5usfAeHzvY2N2kIRXxci/MAxwmZ2oNBJexavzaz+nzwE7IEyqB+Ixndy7H3Uf4lW0M3sWsCPWGbyExT3mjAEPVJ77N5OCiuuhQUmXJF+rDWW0Hg==
